2022-11-22 01:39:40,696 Namespace(out_dir='out', frequent=10, eval_interval=1, gpu=True, num_workers=4)
2022-11-22 01:39:40,861 => load 200 samples
2022-11-22 01:39:40,863 => load 200 samples
2022-11-22 01:39:56,878 Epoch: [0][0/200]	Time 16.014s (16.014s)	Speed 2.0 samples/s	Data 2.524s (2.524s)	Loss 2.31650 (2.31650)
2022-11-22 01:39:57,094 Epoch: [0][10/200]	Time 0.019s (1.476s)	Speed 1684.2 samples/s	Data 0.001s (0.231s)	Loss 0.65575 (1.40908)
2022-11-22 01:39:57,263 Epoch: [0][20/200]	Time 0.016s (0.781s)	Speed 2000.0 samples/s	Data 0.000s (0.121s)	Loss 0.32192 (0.92876)
2022-11-22 01:39:57,429 Epoch: [0][30/200]	Time 0.017s (0.534s)	Speed 1882.2 samples/s	Data 0.001s (0.082s)	Loss 0.21171 (0.70817)
2022-11-22 01:39:57,596 Epoch: [0][40/200]	Time 0.016s (0.408s)	Speed 2000.1 samples/s	Data 0.000s (0.062s)	Loss 0.22646 (0.59205)
2022-11-22 01:39:57,766 Epoch: [0][50/200]	Time 0.018s (0.331s)	Speed 1777.8 samples/s	Data 0.000s (0.050s)	Loss 0.22314 (0.51954)
2022-11-22 01:39:57,939 Epoch: [0][60/200]	Time 0.017s (0.280s)	Speed 1882.7 samples/s	Data 0.000s (0.042s)	Loss 0.17928 (0.46787)
2022-11-22 01:39:58,113 Epoch: [0][70/200]	Time 0.017s (0.243s)	Speed 1882.4 samples/s	Data 0.001s (0.036s)	Loss 0.27637 (0.42977)
2022-11-22 01:39:58,279 Epoch: [0][80/200]	Time 0.017s (0.215s)	Speed 1882.5 samples/s	Data 0.001s (0.032s)	Loss 0.18498 (0.40096)
2022-11-22 01:39:58,446 Epoch: [0][90/200]	Time 0.017s (0.193s)	Speed 1882.0 samples/s	Data 0.001s (0.028s)	Loss 0.20213 (0.37772)
2022-11-22 01:39:58,614 Epoch: [0][100/200]	Time 0.017s (0.176s)	Speed 1882.3 samples/s	Data 0.000s (0.025s)	Loss 0.20738 (0.35964)
2022-11-22 01:39:58,782 Epoch: [0][110/200]	Time 0.016s (0.161s)	Speed 2000.5 samples/s	Data 0.000s (0.023s)	Loss 0.16969 (0.34402)
2022-11-22 01:39:58,948 Epoch: [0][120/200]	Time 0.016s (0.149s)	Speed 2000.0 samples/s	Data 0.000s (0.021s)	Loss 0.19081 (0.33292)
2022-11-22 01:39:59,115 Epoch: [0][130/200]	Time 0.017s (0.139s)	Speed 1882.2 samples/s	Data 0.000s (0.020s)	Loss 0.16027 (0.32206)
2022-11-22 01:39:59,281 Epoch: [0][140/200]	Time 0.016s (0.131s)	Speed 2000.0 samples/s	Data 0.000s (0.018s)	Loss 0.22856 (0.31288)
2022-11-22 01:39:59,448 Epoch: [0][150/200]	Time 0.017s (0.123s)	Speed 1882.4 samples/s	Data 0.000s (0.017s)	Loss 0.16719 (0.30353)
2022-11-22 01:39:59,613 Epoch: [0][160/200]	Time 0.017s (0.116s)	Speed 1882.2 samples/s	Data 0.001s (0.016s)	Loss 0.16558 (0.29549)
2022-11-22 01:39:59,786 Epoch: [0][170/200]	Time 0.018s (0.111s)	Speed 1777.6 samples/s	Data 0.000s (0.015s)	Loss 0.20796 (0.28974)
2022-11-22 01:39:59,965 Epoch: [0][180/200]	Time 0.018s (0.106s)	Speed 1777.8 samples/s	Data 0.001s (0.014s)	Loss 0.18216 (0.28395)
2022-11-22 01:40:00,136 Epoch: [0][190/200]	Time 0.016s (0.101s)	Speed 2000.1 samples/s	Data 0.001s (0.014s)	Loss 0.16865 (0.27822)
2022-11-22 01:40:02,635 Test: [0/200]	Time 2.055 (2.055)	Loss 0.4397 (0.4397)
2022-11-22 01:40:02,754 Test: [10/200]	Time 0.008 (0.198)	Loss 0.1195 (0.3466)
2022-11-22 01:40:02,857 Test: [20/200]	Time 0.008 (0.108)	Loss 0.2605 (0.3651)
2022-11-22 01:40:02,943 Test: [30/200]	Time 0.009 (0.076)	Loss 0.4884 (0.3698)
2022-11-22 01:40:03,027 Test: [40/200]	Time 0.009 (0.060)	Loss 0.3884 (0.3875)
2022-11-22 01:40:03,118 Test: [50/200]	Time 0.007 (0.050)	Loss 0.4813 (0.3908)
2022-11-22 01:40:03,202 Test: [60/200]	Time 0.008 (0.043)	Loss 0.4664 (0.3890)
2022-11-22 01:40:03,284 Test: [70/200]	Time 0.008 (0.038)	Loss 0.3766 (0.3887)
2022-11-22 01:40:03,370 Test: [80/200]	Time 0.007 (0.034)	Loss 0.4969 (0.3842)
2022-11-22 01:40:03,448 Test: [90/200]	Time 0.007 (0.032)	Loss 0.4749 (0.3881)
2022-11-22 01:40:03,529 Test: [100/200]	Time 0.007 (0.029)	Loss 0.4514 (0.3869)
2022-11-22 01:40:03,618 Test: [110/200]	Time 0.007 (0.027)	Loss 0.4878 (0.3899)
2022-11-22 01:40:03,698 Test: [120/200]	Time 0.008 (0.026)	Loss 0.4615 (0.3863)
2022-11-22 01:40:03,776 Test: [130/200]	Time 0.008 (0.024)	Loss 0.3412 (0.3910)
2022-11-22 01:40:03,853 Test: [140/200]	Time 0.009 (0.023)	Loss 0.3796 (0.3905)
2022-11-22 01:40:03,928 Test: [150/200]	Time 0.007 (0.022)	Loss 0.4121 (0.3894)
2022-11-22 01:40:04,005 Test: [160/200]	Time 0.007 (0.021)	Loss 0.4039 (0.3895)
2022-11-22 01:40:04,080 Test: [170/200]	Time 0.007 (0.020)	Loss 0.2881 (0.3872)
2022-11-22 01:40:04,155 Test: [180/200]	Time 0.007 (0.020)	Loss 0.3113 (0.3844)
2022-11-22 01:40:04,231 Test: [190/200]	Time 0.007 (0.019)	Loss 0.2804 (0.3858)
2022-11-22 01:40:05,127 Mean IoU score: 0.118
2022-11-22 01:40:05,132 => saving checkpoint to out
2022-11-22 01:40:07,651 Epoch: [1][0/200]	Time 2.474s (2.474s)	Speed 12.9 samples/s	Data 2.305s (2.305s)	Loss 0.21189 (0.21189)
2022-11-22 01:40:08,739 Epoch: [1][10/200]	Time 0.018s (0.324s)	Speed 1777.8 samples/s	Data 0.001s (0.289s)	Loss 0.18432 (0.17806)
2022-11-22 01:40:08,916 Epoch: [1][20/200]	Time 0.017s (0.178s)	Speed 1882.5 samples/s	Data 0.000s (0.152s)	Loss 0.18872 (0.16984)
2022-11-22 01:40:09,081 Epoch: [1][30/200]	Time 0.016s (0.126s)	Speed 2000.0 samples/s	Data 0.000s (0.103s)	Loss 0.19180 (0.17251)
2022-11-22 01:40:09,245 Epoch: [1][40/200]	Time 0.016s (0.099s)	Speed 2000.0 samples/s	Data 0.000s (0.078s)	Loss 0.18485 (0.17407)
2022-11-22 01:40:09,411 Epoch: [1][50/200]	Time 0.017s (0.083s)	Speed 1882.3 samples/s	Data 0.000s (0.063s)	Loss 0.15015 (0.17220)
2022-11-22 01:40:09,576 Epoch: [1][60/200]	Time 0.016s (0.072s)	Speed 2000.1 samples/s	Data 0.000s (0.052s)	Loss 0.19426 (0.17092)
2022-11-22 01:40:09,742 Epoch: [1][70/200]	Time 0.016s (0.064s)	Speed 2000.1 samples/s	Data 0.000s (0.045s)	Loss 0.17376 (0.17118)
2022-11-22 01:40:09,907 Epoch: [1][80/200]	Time 0.016s (0.058s)	Speed 1999.9 samples/s	Data 0.000s (0.040s)	Loss 0.18775 (0.17003)
2022-11-22 01:40:10,072 Epoch: [1][90/200]	Time 0.017s (0.054s)	Speed 1882.3 samples/s	Data 0.000s (0.035s)	Loss 0.19576 (0.16905)
2022-11-22 01:40:10,235 Epoch: [1][100/200]	Time 0.016s (0.050s)	Speed 2000.4 samples/s	Data 0.000s (0.032s)	Loss 0.13523 (0.16733)
2022-11-22 01:40:10,399 Epoch: [1][110/200]	Time 0.017s (0.047s)	Speed 1882.4 samples/s	Data 0.001s (0.029s)	Loss 0.18226 (0.16621)
2022-11-22 01:40:10,564 Epoch: [1][120/200]	Time 0.016s (0.045s)	Speed 2000.1 samples/s	Data 0.000s (0.027s)	Loss 0.16565 (0.16512)
2022-11-22 01:40:10,731 Epoch: [1][130/200]	Time 0.016s (0.042s)	Speed 2000.0 samples/s	Data 0.000s (0.025s)	Loss 0.13052 (0.16359)
2022-11-22 01:40:10,898 Epoch: [1][140/200]	Time 0.017s (0.041s)	Speed 1882.4 samples/s	Data 0.000s (0.023s)	Loss 0.15700 (0.16291)
2022-11-22 01:40:11,065 Epoch: [1][150/200]	Time 0.016s (0.039s)	Speed 2000.0 samples/s	Data 0.000s (0.021s)	Loss 0.12765 (0.16106)
2022-11-22 01:40:11,231 Epoch: [1][160/200]	Time 0.016s (0.038s)	Speed 2000.1 samples/s	Data 0.000s (0.020s)	Loss 0.12445 (0.15906)
2022-11-22 01:40:11,397 Epoch: [1][170/200]	Time 0.016s (0.036s)	Speed 2000.0 samples/s	Data 0.000s (0.019s)	Loss 0.13126 (0.15699)
2022-11-22 01:40:11,562 Epoch: [1][180/200]	Time 0.017s (0.035s)	Speed 1882.5 samples/s	Data 0.001s (0.018s)	Loss 0.11668 (0.15467)
2022-11-22 01:40:11,729 Epoch: [1][190/200]	Time 0.017s (0.034s)	Speed 1882.3 samples/s	Data 0.000s (0.017s)	Loss 0.08975 (0.15263)
2022-11-22 01:40:14,142 Test: [0/200]	Time 1.939 (1.939)	Loss 0.3064 (0.3064)
2022-11-22 01:40:14,226 Test: [10/200]	Time 0.009 (0.184)	Loss 0.0865 (0.2459)
2022-11-22 01:40:14,310 Test: [20/200]	Time 0.008 (0.100)	Loss 0.1839 (0.2522)
2022-11-22 01:40:14,401 Test: [30/200]	Time 0.009 (0.071)	Loss 0.3462 (0.2564)
2022-11-22 01:40:14,491 Test: [40/200]	Time 0.008 (0.056)	Loss 0.2397 (0.2679)
2022-11-22 01:40:14,574 Test: [50/200]	Time 0.009 (0.046)	Loss 0.2809 (0.2670)
2022-11-22 01:40:14,658 Test: [60/200]	Time 0.008 (0.040)	Loss 0.3228 (0.2680)
2022-11-22 01:40:14,739 Test: [70/200]	Time 0.008 (0.036)	Loss 0.2771 (0.2688)
2022-11-22 01:40:14,816 Test: [80/200]	Time 0.007 (0.032)	Loss 0.3864 (0.2662)
2022-11-22 01:40:14,899 Test: [90/200]	Time 0.007 (0.030)	Loss 0.3266 (0.2696)
2022-11-22 01:40:14,977 Test: [100/200]	Time 0.008 (0.027)	Loss 0.3251 (0.2682)
2022-11-22 01:40:15,058 Test: [110/200]	Time 0.007 (0.026)	Loss 0.3502 (0.2702)
2022-11-22 01:40:15,133 Test: [120/200]	Time 0.007 (0.024)	Loss 0.3263 (0.2673)
2022-11-22 01:40:15,210 Test: [130/200]	Time 0.007 (0.023)	Loss 0.1969 (0.2693)
2022-11-22 01:40:15,288 Test: [140/200]	Time 0.008 (0.022)	Loss 0.2716 (0.2686)
2022-11-22 01:40:15,365 Test: [150/200]	Time 0.006 (0.021)	Loss 0.2697 (0.2677)
2022-11-22 01:40:15,441 Test: [160/200]	Time 0.007 (0.020)	Loss 0.2866 (0.2672)
2022-11-22 01:40:15,518 Test: [170/200]	Time 0.006 (0.019)	Loss 0.2317 (0.2653)
2022-11-22 01:40:15,598 Test: [180/200]	Time 0.007 (0.019)	Loss 0.2099 (0.2630)
2022-11-22 01:40:15,674 Test: [190/200]	Time 0.007 (0.018)	Loss 0.1644 (0.2640)
2022-11-22 01:40:16,544 Mean IoU score: 0.316
2022-11-22 01:40:16,549 => saving checkpoint to out
2022-11-22 01:40:19,059 Epoch: [2][0/200]	Time 2.469s (2.469s)	Speed 13.0 samples/s	Data 2.315s (2.315s)	Loss 0.12531 (0.12531)
2022-11-22 01:40:20,195 Epoch: [2][10/200]	Time 0.019s (0.328s)	Speed 1684.2 samples/s	Data 0.000s (0.295s)	Loss 0.12497 (0.11347)
2022-11-22 01:40:20,367 Epoch: [2][20/200]	Time 0.016s (0.180s)	Speed 2000.5 samples/s	Data 0.000s (0.154s)	Loss 0.09467 (0.11135)
2022-11-22 01:40:20,530 Epoch: [2][30/200]	Time 0.016s (0.127s)	Speed 2000.0 samples/s	Data 0.000s (0.105s)	Loss 0.10347 (0.10793)
2022-11-22 01:40:20,695 Epoch: [2][40/200]	Time 0.016s (0.100s)	Speed 2000.0 samples/s	Data 0.000s (0.079s)	Loss 0.08430 (0.10380)
2022-11-22 01:40:20,861 Epoch: [2][50/200]	Time 0.017s (0.084s)	Speed 1882.3 samples/s	Data 0.001s (0.064s)	Loss 0.07241 (0.10120)
2022-11-22 01:40:21,026 Epoch: [2][60/200]	Time 0.017s (0.073s)	Speed 1882.4 samples/s	Data 0.001s (0.053s)	Loss 0.08886 (0.09826)
2022-11-22 01:40:21,193 Epoch: [2][70/200]	Time 0.017s (0.065s)	Speed 1882.3 samples/s	Data 0.000s (0.046s)	Loss 0.06393 (0.09480)
2022-11-22 01:40:21,357 Epoch: [2][80/200]	Time 0.016s (0.059s)	Speed 2000.3 samples/s	Data 0.000s (0.040s)	Loss 0.07656 (0.09313)
2022-11-22 01:40:21,522 Epoch: [2][90/200]	Time 0.017s (0.054s)	Speed 1882.4 samples/s	Data 0.000s (0.036s)	Loss 0.04360 (0.09032)
2022-11-22 01:40:21,687 Epoch: [2][100/200]	Time 0.017s (0.050s)	Speed 1882.4 samples/s	Data 0.001s (0.032s)	Loss 0.05352 (0.08720)
2022-11-22 01:40:21,852 Epoch: [2][110/200]	Time 0.017s (0.047s)	Speed 1882.4 samples/s	Data 0.001s (0.030s)	Loss 0.05851 (0.08394)
2022-11-22 01:40:22,016 Epoch: [2][120/200]	Time 0.017s (0.045s)	Speed 1882.6 samples/s	Data 0.000s (0.027s)	Loss 0.05076 (0.08130)
2022-11-22 01:40:22,180 Epoch: [2][130/200]	Time 0.016s (0.043s)	Speed 2000.0 samples/s	Data 0.000s (0.025s)	Loss 0.05458 (0.07932)
2022-11-22 01:40:22,346 Epoch: [2][140/200]	Time 0.016s (0.041s)	Speed 2000.4 samples/s	Data 0.000s (0.023s)	Loss 0.04441 (0.07749)
2022-11-22 01:40:22,514 Epoch: [2][150/200]	Time 0.017s (0.039s)	Speed 1882.4 samples/s	Data 0.001s (0.022s)	Loss 0.06454 (0.07570)
2022-11-22 01:40:22,680 Epoch: [2][160/200]	Time 0.016s (0.038s)	Speed 1999.6 samples/s	Data 0.000s (0.020s)	Loss 0.03733 (0.07365)
2022-11-22 01:40:22,846 Epoch: [2][170/200]	Time 0.016s (0.037s)	Speed 1999.9 samples/s	Data 0.000s (0.019s)	Loss 0.04401 (0.07182)
2022-11-22 01:40:23,013 Epoch: [2][180/200]	Time 0.016s (0.035s)	Speed 2000.0 samples/s	Data 0.000s (0.018s)	Loss 0.04016 (0.07005)
2022-11-22 01:40:23,180 Epoch: [2][190/200]	Time 0.017s (0.035s)	Speed 1882.4 samples/s	Data 0.001s (0.017s)	Loss 0.04658 (0.06838)
2022-11-22 01:40:25,263 Test: [0/200]	Time 1.648 (1.648)	Loss 0.1477 (0.1477)
2022-11-22 01:40:25,340 Test: [10/200]	Time 0.010 (0.157)	Loss 0.0297 (0.0919)
2022-11-22 01:40:25,413 Test: [20/200]	Time 0.006 (0.086)	Loss 0.0768 (0.0941)
2022-11-22 01:40:25,487 Test: [30/200]	Time 0.007 (0.060)	Loss 0.1245 (0.1005)
2022-11-22 01:40:25,563 Test: [40/200]	Time 0.006 (0.048)	Loss 0.0832 (0.1050)
2022-11-22 01:40:25,639 Test: [50/200]	Time 0.008 (0.040)	Loss 0.1440 (0.1038)
2022-11-22 01:40:25,712 Test: [60/200]	Time 0.006 (0.034)	Loss 0.1199 (0.1057)
2022-11-22 01:40:25,787 Test: [70/200]	Time 0.007 (0.031)	Loss 0.0966 (0.1057)
2022-11-22 01:40:25,868 Test: [80/200]	Time 0.008 (0.028)	Loss 0.1228 (0.1033)
2022-11-22 01:40:25,943 Test: [90/200]	Time 0.007 (0.026)	Loss 0.1034 (0.1058)
2022-11-22 01:40:26,022 Test: [100/200]	Time 0.009 (0.024)	Loss 0.1408 (0.1045)
2022-11-22 01:40:26,107 Test: [110/200]	Time 0.007 (0.022)	Loss 0.1762 (0.1050)
2022-11-22 01:40:26,188 Test: [120/200]	Time 0.008 (0.021)	Loss 0.1255 (0.1036)
2022-11-22 01:40:26,266 Test: [130/200]	Time 0.007 (0.020)	Loss 0.0900 (0.1048)
2022-11-22 01:40:26,344 Test: [140/200]	Time 0.007 (0.019)	Loss 0.0992 (0.1040)
2022-11-22 01:40:26,422 Test: [150/200]	Time 0.008 (0.019)	Loss 0.0943 (0.1028)
2022-11-22 01:40:26,499 Test: [160/200]	Time 0.007 (0.018)	Loss 0.1141 (0.1027)
2022-11-22 01:40:26,578 Test: [170/200]	Time 0.007 (0.017)	Loss 0.1049 (0.1017)
2022-11-22 01:40:26,656 Test: [180/200]	Time 0.008 (0.017)	Loss 0.0795 (0.1012)
2022-11-22 01:40:26,735 Test: [190/200]	Time 0.008 (0.016)	Loss 0.0546 (0.1010)
2022-11-22 01:40:27,659 Mean IoU score: 0.758
2022-11-22 01:40:27,664 => saving checkpoint to out
2022-11-22 01:40:30,191 Epoch: [3][0/200]	Time 2.453s (2.453s)	Speed 13.0 samples/s	Data 2.268s (2.268s)	Loss 0.03311 (0.03311)
2022-11-22 01:40:31,289 Epoch: [3][10/200]	Time 0.017s (0.323s)	Speed 1882.6 samples/s	Data 0.000s (0.282s)	Loss 0.03219 (0.03146)
2022-11-22 01:40:31,453 Epoch: [3][20/200]	Time 0.016s (0.177s)	Speed 1999.9 samples/s	Data 0.000s (0.148s)	Loss 0.03054 (0.03269)
2022-11-22 01:40:31,619 Epoch: [3][30/200]	Time 0.016s (0.125s)	Speed 2000.0 samples/s	Data 0.000s (0.100s)	Loss 0.03900 (0.03164)
2022-11-22 01:40:31,784 Epoch: [3][40/200]	Time 0.017s (0.099s)	Speed 1882.1 samples/s	Data 0.001s (0.076s)	Loss 0.04135 (0.03143)
2022-11-22 01:40:31,947 Epoch: [3][50/200]	Time 0.016s (0.083s)	Speed 1999.6 samples/s	Data 0.000s (0.061s)	Loss 0.02673 (0.03077)
2022-11-22 01:40:32,112 Epoch: [3][60/200]	Time 0.017s (0.072s)	Speed 1882.3 samples/s	Data 0.001s (0.051s)	Loss 0.02935 (0.02974)
2022-11-22 01:40:32,278 Epoch: [3][70/200]	Time 0.017s (0.064s)	Speed 1882.2 samples/s	Data 0.000s (0.044s)	Loss 0.02512 (0.02984)
2022-11-22 01:40:32,442 Epoch: [3][80/200]	Time 0.016s (0.058s)	Speed 2000.0 samples/s	Data 0.000s (0.038s)	Loss 0.02237 (0.02973)
2022-11-22 01:40:32,609 Epoch: [3][90/200]	Time 0.017s (0.054s)	Speed 1882.4 samples/s	Data 0.001s (0.034s)	Loss 0.02672 (0.02928)
2022-11-22 01:40:32,775 Epoch: [3][100/200]	Time 0.017s (0.050s)	Speed 1882.4 samples/s	Data 0.000s (0.031s)	Loss 0.02022 (0.02876)
2022-11-22 01:40:32,942 Epoch: [3][110/200]	Time 0.017s (0.047s)	Speed 1882.4 samples/s	Data 0.000s (0.028s)	Loss 0.02437 (0.02846)
2022-11-22 01:40:33,107 Epoch: [3][120/200]	Time 0.017s (0.044s)	Speed 1882.2 samples/s	Data 0.001s (0.026s)	Loss 0.02622 (0.02836)
2022-11-22 01:40:33,273 Epoch: [3][130/200]	Time 0.017s (0.042s)	Speed 1881.9 samples/s	Data 0.000s (0.024s)	Loss 0.02293 (0.02835)
2022-11-22 01:40:33,438 Epoch: [3][140/200]	Time 0.017s (0.040s)	Speed 1882.3 samples/s	Data 0.001s (0.022s)	Loss 0.02672 (0.02823)
2022-11-22 01:40:33,603 Epoch: [3][150/200]	Time 0.016s (0.039s)	Speed 2000.0 samples/s	Data 0.000s (0.021s)	Loss 0.02771 (0.02819)
2022-11-22 01:40:33,769 Epoch: [3][160/200]	Time 0.016s (0.037s)	Speed 2000.1 samples/s	Data 0.000s (0.019s)	Loss 0.02148 (0.02814)
2022-11-22 01:40:33,934 Epoch: [3][170/200]	Time 0.016s (0.036s)	Speed 2000.0 samples/s	Data 0.000s (0.018s)	Loss 0.02062 (0.02811)
2022-11-22 01:40:34,097 Epoch: [3][180/200]	Time 0.016s (0.035s)	Speed 2000.3 samples/s	Data 0.000s (0.017s)	Loss 0.02112 (0.02796)
2022-11-22 01:40:34,263 Epoch: [3][190/200]	Time 0.016s (0.034s)	Speed 2000.0 samples/s	Data 0.000s (0.016s)	Loss 0.02434 (0.02790)
2022-11-22 01:40:36,384 Test: [0/200]	Time 1.753 (1.753)	Loss 0.1136 (0.1136)
2022-11-22 01:40:36,463 Test: [10/200]	Time 0.007 (0.167)	Loss 0.0211 (0.0716)
2022-11-22 01:40:36,541 Test: [20/200]	Time 0.007 (0.091)	Loss 0.0479 (0.0761)
2022-11-22 01:40:36,620 Test: [30/200]	Time 0.009 (0.064)	Loss 0.1368 (0.0813)
2022-11-22 01:40:36,701 Test: [40/200]	Time 0.007 (0.051)	Loss 0.0511 (0.0851)
2022-11-22 01:40:36,776 Test: [50/200]	Time 0.007 (0.042)	Loss 0.1172 (0.0840)
2022-11-22 01:40:36,856 Test: [60/200]	Time 0.010 (0.036)	Loss 0.1110 (0.0870)
2022-11-22 01:40:36,933 Test: [70/200]	Time 0.008 (0.032)	Loss 0.0794 (0.0875)
2022-11-22 01:40:37,009 Test: [80/200]	Time 0.007 (0.029)	Loss 0.1092 (0.0854)
2022-11-22 01:40:37,083 Test: [90/200]	Time 0.007 (0.027)	Loss 0.0858 (0.0873)
2022-11-22 01:40:37,163 Test: [100/200]	Time 0.008 (0.025)	Loss 0.1139 (0.0866)
2022-11-22 01:40:37,240 Test: [110/200]	Time 0.007 (0.024)	Loss 0.1493 (0.0871)
2022-11-22 01:40:37,316 Test: [120/200]	Time 0.008 (0.022)	Loss 0.1257 (0.0862)
2022-11-22 01:40:37,397 Test: [130/200]	Time 0.008 (0.021)	Loss 0.0788 (0.0866)
2022-11-22 01:40:37,478 Test: [140/200]	Time 0.007 (0.020)	Loss 0.1006 (0.0861)
2022-11-22 01:40:37,553 Test: [150/200]	Time 0.007 (0.019)	Loss 0.1064 (0.0857)
2022-11-22 01:40:37,630 Test: [160/200]	Time 0.007 (0.019)	Loss 0.0907 (0.0851)
2022-11-22 01:40:37,706 Test: [170/200]	Time 0.007 (0.018)	Loss 0.0808 (0.0840)
2022-11-22 01:40:37,781 Test: [180/200]	Time 0.007 (0.017)	Loss 0.0893 (0.0835)
2022-11-22 01:40:37,858 Test: [190/200]	Time 0.008 (0.017)	Loss 0.0381 (0.0833)
2022-11-22 01:40:38,731 Mean IoU score: 0.789
2022-11-22 01:40:38,736 => saving checkpoint to out
2022-11-22 01:40:41,192 Epoch: [4][0/200]	Time 2.418s (2.418s)	Speed 13.2 samples/s	Data 2.262s (2.262s)	Loss 0.01853 (0.01853)
2022-11-22 01:40:42,302 Epoch: [4][10/200]	Time 0.016s (0.321s)	Speed 1999.9 samples/s	Data 0.000s (0.283s)	Loss 0.01325 (0.02085)
2022-11-22 01:40:42,466 Epoch: [4][20/200]	Time 0.016s (0.176s)	Speed 1999.7 samples/s	Data 0.000s (0.148s)	Loss 0.01945 (0.02102)
2022-11-22 01:40:42,630 Epoch: [4][30/200]	Time 0.016s (0.124s)	Speed 2000.0 samples/s	Data 0.001s (0.101s)	Loss 0.01826 (0.02010)
2022-11-22 01:40:42,794 Epoch: [4][40/200]	Time 0.017s (0.098s)	Speed 1882.4 samples/s	Data 0.000s (0.076s)	Loss 0.01878 (0.01961)
2022-11-22 01:40:42,959 Epoch: [4][50/200]	Time 0.017s (0.082s)	Speed 1882.3 samples/s	Data 0.000s (0.061s)	Loss 0.02083 (0.01981)
2022-11-22 01:40:43,125 Epoch: [4][60/200]	Time 0.016s (0.071s)	Speed 1999.9 samples/s	Data 0.000s (0.051s)	Loss 0.01618 (0.01950)
2022-11-22 01:40:43,292 Epoch: [4][70/200]	Time 0.017s (0.064s)	Speed 1882.3 samples/s	Data 0.001s (0.044s)	Loss 0.01465 (0.01908)
2022-11-22 01:40:43,457 Epoch: [4][80/200]	Time 0.016s (0.058s)	Speed 1999.8 samples/s	Data 0.000s (0.039s)	Loss 0.01678 (0.01882)
2022-11-22 01:40:43,626 Epoch: [4][90/200]	Time 0.017s (0.053s)	Speed 1882.3 samples/s	Data 0.000s (0.034s)	Loss 0.01633 (0.01885)
2022-11-22 01:40:43,792 Epoch: [4][100/200]	Time 0.017s (0.050s)	Speed 1881.8 samples/s	Data 0.000s (0.031s)	Loss 0.02027 (0.01903)
2022-11-22 01:40:43,957 Epoch: [4][110/200]	Time 0.017s (0.047s)	Speed 1882.4 samples/s	Data 0.001s (0.028s)	Loss 0.01255 (0.01876)
2022-11-22 01:40:44,123 Epoch: [4][120/200]	Time 0.017s (0.044s)	Speed 1882.2 samples/s	Data 0.001s (0.026s)	Loss 0.02921 (0.01882)
2022-11-22 01:40:44,289 Epoch: [4][130/200]	Time 0.017s (0.042s)	Speed 1882.2 samples/s	Data 0.000s (0.024s)	Loss 0.01792 (0.01874)
2022-11-22 01:40:44,455 Epoch: [4][140/200]	Time 0.017s (0.040s)	Speed 1882.4 samples/s	Data 0.000s (0.022s)	Loss 0.01283 (0.01876)
2022-11-22 01:40:44,622 Epoch: [4][150/200]	Time 0.017s (0.039s)	Speed 1882.5 samples/s	Data 0.001s (0.021s)	Loss 0.01590 (0.01866)
2022-11-22 01:40:44,787 Epoch: [4][160/200]	Time 0.017s (0.037s)	Speed 1882.4 samples/s	Data 0.000s (0.020s)	Loss 0.02457 (0.01866)
2022-11-22 01:40:44,955 Epoch: [4][170/200]	Time 0.018s (0.036s)	Speed 1777.4 samples/s	Data 0.001s (0.018s)	Loss 0.02142 (0.01881)
2022-11-22 01:40:45,121 Epoch: [4][180/200]	Time 0.016s (0.035s)	Speed 2000.0 samples/s	Data 0.000s (0.017s)	Loss 0.01818 (0.01878)
2022-11-22 01:40:45,288 Epoch: [4][190/200]	Time 0.017s (0.034s)	Speed 1882.3 samples/s	Data 0.000s (0.017s)	Loss 0.01322 (0.01881)
2022-11-22 01:40:47,395 Test: [0/200]	Time 1.686 (1.686)	Loss 0.1415 (0.1415)
2022-11-22 01:40:47,474 Test: [10/200]	Time 0.008 (0.160)	Loss 0.0325 (0.0860)
2022-11-22 01:40:47,554 Test: [20/200]	Time 0.007 (0.088)	Loss 0.0602 (0.0974)
2022-11-22 01:40:47,631 Test: [30/200]	Time 0.007 (0.062)	Loss 0.1247 (0.1031)
2022-11-22 01:40:47,710 Test: [40/200]	Time 0.008 (0.049)	Loss 0.0996 (0.1090)
2022-11-22 01:40:47,787 Test: [50/200]	Time 0.009 (0.041)	Loss 0.1588 (0.1087)
2022-11-22 01:40:47,864 Test: [60/200]	Time 0.008 (0.035)	Loss 0.1193 (0.1100)
2022-11-22 01:40:47,941 Test: [70/200]	Time 0.007 (0.031)	Loss 0.0831 (0.1114)
2022-11-22 01:40:48,017 Test: [80/200]	Time 0.007 (0.028)	Loss 0.1247 (0.1092)
2022-11-22 01:40:48,092 Test: [90/200]	Time 0.007 (0.026)	Loss 0.1773 (0.1125)
2022-11-22 01:40:48,169 Test: [100/200]	Time 0.008 (0.024)	Loss 0.1110 (0.1111)
2022-11-22 01:40:48,245 Test: [110/200]	Time 0.008 (0.023)	Loss 0.2177 (0.1120)
2022-11-22 01:40:48,323 Test: [120/200]	Time 0.008 (0.022)	Loss 0.1078 (0.1104)
2022-11-22 01:40:48,402 Test: [130/200]	Time 0.008 (0.021)	Loss 0.1435 (0.1126)
2022-11-22 01:40:48,483 Test: [140/200]	Time 0.008 (0.020)	Loss 0.1297 (0.1114)
2022-11-22 01:40:48,561 Test: [150/200]	Time 0.007 (0.019)	Loss 0.0960 (0.1101)
2022-11-22 01:40:48,639 Test: [160/200]	Time 0.008 (0.018)	Loss 0.1181 (0.1103)
2022-11-22 01:40:48,714 Test: [170/200]	Time 0.007 (0.018)	Loss 0.1041 (0.1096)
2022-11-22 01:40:48,790 Test: [180/200]	Time 0.008 (0.017)	Loss 0.1045 (0.1084)
2022-11-22 01:40:48,866 Test: [190/200]	Time 0.007 (0.017)	Loss 0.0481 (0.1084)
2022-11-22 01:40:49,736 Mean IoU score: 0.720
2022-11-22 01:40:49,741 => saving checkpoint to out
2022-11-22 01:40:52,140 Epoch: [5][0/200]	Time 2.373s (2.373s)	Speed 13.5 samples/s	Data 2.256s (2.256s)	Loss 0.01794 (0.01794)
2022-11-22 01:40:53,275 Epoch: [5][10/200]	Time 0.017s (0.319s)	Speed 1882.4 samples/s	Data 0.000s (0.281s)	Loss 0.01337 (0.01514)
2022-11-22 01:40:53,442 Epoch: [5][20/200]	Time 0.017s (0.175s)	Speed 1882.5 samples/s	Data 0.000s (0.147s)	Loss 0.01476 (0.01524)
2022-11-22 01:40:53,608 Epoch: [5][30/200]	Time 0.017s (0.124s)	Speed 1882.4 samples/s	Data 0.000s (0.100s)	Loss 0.01340 (0.01457)
2022-11-22 01:40:53,774 Epoch: [5][40/200]	Time 0.017s (0.098s)	Speed 1882.3 samples/s	Data 0.001s (0.076s)	Loss 0.01865 (0.01461)
2022-11-22 01:40:53,939 Epoch: [5][50/200]	Time 0.016s (0.082s)	Speed 1999.8 samples/s	Data 0.000s (0.061s)	Loss 0.01432 (0.01463)
2022-11-22 01:40:54,104 Epoch: [5][60/200]	Time 0.016s (0.071s)	Speed 1999.9 samples/s	Data 0.000s (0.051s)	Loss 0.01690 (0.01463)
2022-11-22 01:40:54,273 Epoch: [5][70/200]	Time 0.017s (0.063s)	Speed 1882.1 samples/s	Data 0.000s (0.044s)	Loss 0.01583 (0.01453)
2022-11-22 01:40:54,440 Epoch: [5][80/200]	Time 0.017s (0.058s)	Speed 1882.4 samples/s	Data 0.000s (0.038s)	Loss 0.01119 (0.01451)
2022-11-22 01:40:54,608 Epoch: [5][90/200]	Time 0.017s (0.053s)	Speed 1882.3 samples/s	Data 0.000s (0.034s)	Loss 0.01389 (0.01456)
2022-11-22 01:40:54,776 Epoch: [5][100/200]	Time 0.017s (0.050s)	Speed 1882.3 samples/s	Data 0.000s (0.031s)	Loss 0.00927 (0.01438)
2022-11-22 01:40:54,943 Epoch: [5][110/200]	Time 0.017s (0.047s)	Speed 1882.2 samples/s	Data 0.000s (0.028s)	Loss 0.01285 (0.01432)
2022-11-22 01:40:55,109 Epoch: [5][120/200]	Time 0.016s (0.044s)	Speed 2000.1 samples/s	Data 0.000s (0.026s)	Loss 0.01686 (0.01433)
2022-11-22 01:40:55,276 Epoch: [5][130/200]	Time 0.017s (0.042s)	Speed 1882.3 samples/s	Data 0.000s (0.024s)	Loss 0.01583 (0.01441)
2022-11-22 01:40:55,441 Epoch: [5][140/200]	Time 0.017s (0.040s)	Speed 1882.3 samples/s	Data 0.001s (0.022s)	Loss 0.01577 (0.01440)
2022-11-22 01:40:55,609 Epoch: [5][150/200]	Time 0.017s (0.039s)	Speed 1882.4 samples/s	Data 0.000s (0.021s)	Loss 0.01528 (0.01440)
2022-11-22 01:40:55,775 Epoch: [5][160/200]	Time 0.017s (0.037s)	Speed 1882.6 samples/s	Data 0.000s (0.019s)	Loss 0.01803 (0.01454)
2022-11-22 01:40:55,940 Epoch: [5][170/200]	Time 0.017s (0.036s)	Speed 1882.4 samples/s	Data 0.001s (0.018s)	Loss 0.01825 (0.01461)
2022-11-22 01:40:56,106 Epoch: [5][180/200]	Time 0.016s (0.035s)	Speed 1999.9 samples/s	Data 0.000s (0.017s)	Loss 0.01162 (0.01457)
2022-11-22 01:40:56,273 Epoch: [5][190/200]	Time 0.016s (0.034s)	Speed 2000.0 samples/s	Data 0.000s (0.016s)	Loss 0.01213 (0.01457)
2022-11-22 01:40:58,372 Test: [0/200]	Time 1.682 (1.682)	Loss 0.0749 (0.0749)
2022-11-22 01:40:58,451 Test: [10/200]	Time 0.009 (0.160)	Loss 0.0099 (0.0540)
2022-11-22 01:40:58,534 Test: [20/200]	Time 0.009 (0.088)	Loss 0.0421 (0.0566)
2022-11-22 01:40:58,620 Test: [30/200]	Time 0.010 (0.062)	Loss 0.0788 (0.0601)
2022-11-22 01:40:58,699 Test: [40/200]	Time 0.007 (0.049)	Loss 0.0495 (0.0623)
2022-11-22 01:40:58,776 Test: [50/200]	Time 0.007 (0.041)	Loss 0.0654 (0.0620)
2022-11-22 01:40:58,855 Test: [60/200]	Time 0.008 (0.035)	Loss 0.0868 (0.0654)
2022-11-22 01:40:58,933 Test: [70/200]	Time 0.008 (0.032)	Loss 0.0619 (0.0652)
2022-11-22 01:40:59,009 Test: [80/200]	Time 0.007 (0.029)	Loss 0.0650 (0.0639)
2022-11-22 01:40:59,086 Test: [90/200]	Time 0.007 (0.026)	Loss 0.0719 (0.0661)
2022-11-22 01:40:59,159 Test: [100/200]	Time 0.006 (0.024)	Loss 0.1381 (0.0660)
2022-11-22 01:40:59,233 Test: [110/200]	Time 0.007 (0.023)	Loss 0.1293 (0.0664)
2022-11-22 01:40:59,309 Test: [120/200]	Time 0.007 (0.022)	Loss 0.1177 (0.0653)
2022-11-22 01:40:59,389 Test: [130/200]	Time 0.007 (0.021)	Loss 0.0512 (0.0658)
2022-11-22 01:40:59,469 Test: [140/200]	Time 0.008 (0.020)	Loss 0.0600 (0.0655)
2022-11-22 01:40:59,546 Test: [150/200]	Time 0.007 (0.019)	Loss 0.0688 (0.0648)
2022-11-22 01:40:59,623 Test: [160/200]	Time 0.007 (0.018)	Loss 0.0607 (0.0642)
2022-11-22 01:40:59,701 Test: [170/200]	Time 0.008 (0.018)	Loss 0.0695 (0.0637)
2022-11-22 01:40:59,777 Test: [180/200]	Time 0.007 (0.017)	Loss 0.0452 (0.0636)
2022-11-22 01:40:59,854 Test: [190/200]	Time 0.007 (0.017)	Loss 0.0283 (0.0635)
2022-11-22 01:41:00,723 Mean IoU score: 0.837
2022-11-22 01:41:00,728 => saving checkpoint to out
2022-11-22 01:41:03,166 Epoch: [6][0/200]	Time 2.396s (2.396s)	Speed 13.4 samples/s	Data 2.236s (2.236s)	Loss 0.01297 (0.01297)
2022-11-22 01:41:04,282 Epoch: [6][10/200]	Time 0.016s (0.319s)	Speed 2000.0 samples/s	Data 0.001s (0.279s)	Loss 0.01373 (0.01256)
2022-11-22 01:41:04,445 Epoch: [6][20/200]	Time 0.016s (0.175s)	Speed 2000.0 samples/s	Data 0.001s (0.147s)	Loss 0.01190 (0.01289)
2022-11-22 01:41:04,610 Epoch: [6][30/200]	Time 0.016s (0.124s)	Speed 2000.0 samples/s	Data 0.000s (0.099s)	Loss 0.01067 (0.01291)
2022-11-22 01:41:04,775 Epoch: [6][40/200]	Time 0.016s (0.098s)	Speed 2000.0 samples/s	Data 0.000s (0.075s)	Loss 0.01256 (0.01264)
2022-11-22 01:41:04,941 Epoch: [6][50/200]	Time 0.017s (0.082s)	Speed 1882.4 samples/s	Data 0.000s (0.060s)	Loss 0.01237 (0.01260)
2022-11-22 01:41:05,106 Epoch: [6][60/200]	Time 0.017s (0.071s)	Speed 1882.2 samples/s	Data 0.001s (0.051s)	Loss 0.01121 (0.01245)
2022-11-22 01:41:05,273 Epoch: [6][70/200]	Time 0.017s (0.063s)	Speed 1882.1 samples/s	Data 0.000s (0.043s)	Loss 0.01264 (0.01239)
2022-11-22 01:41:05,438 Epoch: [6][80/200]	Time 0.017s (0.058s)	Speed 1882.3 samples/s	Data 0.000s (0.038s)	Loss 0.01519 (0.01244)
2022-11-22 01:41:05,604 Epoch: [6][90/200]	Time 0.016s (0.053s)	Speed 2000.0 samples/s	Data 0.000s (0.034s)	Loss 0.01013 (0.01229)
2022-11-22 01:41:05,770 Epoch: [6][100/200]	Time 0.016s (0.050s)	Speed 2000.0 samples/s	Data 0.000s (0.031s)	Loss 0.01167 (0.01216)
2022-11-22 01:41:05,937 Epoch: [6][110/200]	Time 0.017s (0.047s)	Speed 1882.3 samples/s	Data 0.000s (0.028s)	Loss 0.00909 (0.01206)
2022-11-22 01:41:06,103 Epoch: [6][120/200]	Time 0.016s (0.044s)	Speed 2000.2 samples/s	Data 0.000s (0.026s)	Loss 0.01094 (0.01203)
2022-11-22 01:41:06,272 Epoch: [6][130/200]	Time 0.017s (0.042s)	Speed 1881.9 samples/s	Data 0.000s (0.024s)	Loss 0.01014 (0.01189)
2022-11-22 01:41:06,439 Epoch: [6][140/200]	Time 0.017s (0.040s)	Speed 1882.3 samples/s	Data 0.001s (0.022s)	Loss 0.01098 (0.01187)
2022-11-22 01:41:06,607 Epoch: [6][150/200]	Time 0.016s (0.039s)	Speed 2000.0 samples/s	Data 0.000s (0.021s)	Loss 0.00965 (0.01182)
2022-11-22 01:41:06,774 Epoch: [6][160/200]	Time 0.016s (0.037s)	Speed 2000.3 samples/s	Data 0.000s (0.019s)	Loss 0.01372 (0.01179)
2022-11-22 01:41:06,941 Epoch: [6][170/200]	Time 0.017s (0.036s)	Speed 1882.3 samples/s	Data 0.001s (0.018s)	Loss 0.01060 (0.01174)
2022-11-22 01:41:07,107 Epoch: [6][180/200]	Time 0.017s (0.035s)	Speed 1882.4 samples/s	Data 0.000s (0.017s)	Loss 0.01176 (0.01177)
2022-11-22 01:41:07,274 Epoch: [6][190/200]	Time 0.016s (0.034s)	Speed 2000.0 samples/s	Data 0.000s (0.016s)	Loss 0.01506 (0.01181)
2022-11-22 01:41:09,351 Test: [0/200]	Time 1.644 (1.644)	Loss 0.0601 (0.0601)
2022-11-22 01:41:09,436 Test: [10/200]	Time 0.008 (0.157)	Loss 0.0098 (0.0542)
2022-11-22 01:41:09,519 Test: [20/200]	Time 0.008 (0.086)	Loss 0.0261 (0.0545)
2022-11-22 01:41:09,600 Test: [30/200]	Time 0.008 (0.061)	Loss 0.0925 (0.0600)
2022-11-22 01:41:09,680 Test: [40/200]	Time 0.007 (0.048)	Loss 0.0377 (0.0636)
2022-11-22 01:41:09,758 Test: [50/200]	Time 0.007 (0.040)	Loss 0.0656 (0.0631)
2022-11-22 01:41:09,836 Test: [60/200]	Time 0.009 (0.035)	Loss 0.0899 (0.0667)
2022-11-22 01:41:09,917 Test: [70/200]	Time 0.008 (0.031)	Loss 0.0646 (0.0667)
2022-11-22 01:41:09,992 Test: [80/200]	Time 0.007 (0.028)	Loss 0.0684 (0.0652)
2022-11-22 01:41:10,071 Test: [90/200]	Time 0.007 (0.026)	Loss 0.0632 (0.0659)
2022-11-22 01:41:10,146 Test: [100/200]	Time 0.007 (0.024)	Loss 0.0925 (0.0658)
2022-11-22 01:41:10,223 Test: [110/200]	Time 0.007 (0.023)	Loss 0.1582 (0.0664)
2022-11-22 01:41:10,300 Test: [120/200]	Time 0.008 (0.021)	Loss 0.1069 (0.0655)
2022-11-22 01:41:10,375 Test: [130/200]	Time 0.007 (0.020)	Loss 0.0598 (0.0663)
2022-11-22 01:41:10,451 Test: [140/200]	Time 0.008 (0.019)	Loss 0.0646 (0.0658)
2022-11-22 01:41:10,527 Test: [150/200]	Time 0.006 (0.019)	Loss 0.0636 (0.0655)
2022-11-22 01:41:10,604 Test: [160/200]	Time 0.007 (0.018)	Loss 0.0711 (0.0651)
2022-11-22 01:41:10,683 Test: [170/200]	Time 0.009 (0.017)	Loss 0.0788 (0.0646)
2022-11-22 01:41:10,759 Test: [180/200]	Time 0.007 (0.017)	Loss 0.0603 (0.0644)
2022-11-22 01:41:10,839 Test: [190/200]	Time 0.007 (0.016)	Loss 0.0290 (0.0640)
2022-11-22 01:41:11,714 Mean IoU score: 0.836
2022-11-22 01:41:11,719 => saving checkpoint to out
2022-11-22 01:41:14,182 Epoch: [7][0/200]	Time 2.436s (2.436s)	Speed 13.1 samples/s	Data 2.281s (2.281s)	Loss 0.01254 (0.01254)
2022-11-22 01:41:15,265 Epoch: [7][10/200]	Time 0.018s (0.320s)	Speed 1777.8 samples/s	Data 0.000s (0.282s)	Loss 0.01207 (0.01119)
2022-11-22 01:41:15,428 Epoch: [7][20/200]	Time 0.016s (0.175s)	Speed 1999.7 samples/s	Data 0.000s (0.148s)	Loss 0.00870 (0.01089)
2022-11-22 01:41:15,591 Epoch: [7][30/200]	Time 0.016s (0.124s)	Speed 2000.0 samples/s	Data 0.000s (0.100s)	Loss 0.00961 (0.01090)
2022-11-22 01:41:15,756 Epoch: [7][40/200]	Time 0.016s (0.098s)	Speed 2000.0 samples/s	Data 0.000s (0.076s)	Loss 0.01068 (0.01057)
2022-11-22 01:41:15,922 Epoch: [7][50/200]	Time 0.017s (0.082s)	Speed 1882.3 samples/s	Data 0.000s (0.061s)	Loss 0.01083 (0.01076)
2022-11-22 01:41:16,087 Epoch: [7][60/200]	Time 0.017s (0.071s)	Speed 1882.4 samples/s	Data 0.001s (0.051s)	Loss 0.00950 (0.01070)
2022-11-22 01:41:16,254 Epoch: [7][70/200]	Time 0.017s (0.063s)	Speed 1882.4 samples/s	Data 0.001s (0.044s)	Loss 0.01015 (0.01065)
2022-11-22 01:41:16,418 Epoch: [7][80/200]	Time 0.016s (0.058s)	Speed 2000.0 samples/s	Data 0.000s (0.038s)	Loss 0.01151 (0.01058)
2022-11-22 01:41:16,585 Epoch: [7][90/200]	Time 0.017s (0.053s)	Speed 1882.4 samples/s	Data 0.000s (0.034s)	Loss 0.01110 (0.01047)
2022-11-22 01:41:16,751 Epoch: [7][100/200]	Time 0.017s (0.050s)	Speed 1882.4 samples/s	Data 0.000s (0.031s)	Loss 0.01148 (0.01044)
2022-11-22 01:41:16,917 Epoch: [7][110/200]	Time 0.017s (0.047s)	Speed 1882.3 samples/s	Data 0.000s (0.028s)	Loss 0.01175 (0.01041)
2022-11-22 01:41:17,083 Epoch: [7][120/200]	Time 0.017s (0.044s)	Speed 1882.4 samples/s	Data 0.000s (0.026s)	Loss 0.01014 (0.01038)
2022-11-22 01:41:17,250 Epoch: [7][130/200]	Time 0.017s (0.042s)	Speed 1882.4 samples/s	Data 0.000s (0.024s)	Loss 0.01231 (0.01036)
2022-11-22 01:41:17,415 Epoch: [7][140/200]	Time 0.017s (0.040s)	Speed 1882.3 samples/s	Data 0.001s (0.022s)	Loss 0.00903 (0.01025)
2022-11-22 01:41:17,581 Epoch: [7][150/200]	Time 0.017s (0.039s)	Speed 1882.4 samples/s	Data 0.000s (0.021s)	Loss 0.00840 (0.01020)
2022-11-22 01:41:17,746 Epoch: [7][160/200]	Time 0.016s (0.037s)	Speed 2000.1 samples/s	Data 0.000s (0.019s)	Loss 0.01123 (0.01021)
2022-11-22 01:41:17,913 Epoch: [7][170/200]	Time 0.017s (0.036s)	Speed 1882.3 samples/s	Data 0.000s (0.018s)	Loss 0.01076 (0.01024)
2022-11-22 01:41:18,075 Epoch: [7][180/200]	Time 0.016s (0.035s)	Speed 2000.0 samples/s	Data 0.000s (0.017s)	Loss 0.01119 (0.01020)
2022-11-22 01:41:18,241 Epoch: [7][190/200]	Time 0.016s (0.034s)	Speed 2000.0 samples/s	Data 0.000s (0.016s)	Loss 0.01092 (0.01019)
2022-11-22 01:41:20,391 Test: [0/200]	Time 1.711 (1.711)	Loss 0.0493 (0.0493)
2022-11-22 01:41:20,468 Test: [10/200]	Time 0.007 (0.163)	Loss 0.0139 (0.0476)
2022-11-22 01:41:20,547 Test: [20/200]	Time 0.008 (0.089)	Loss 0.0464 (0.0483)
2022-11-22 01:41:20,634 Test: [30/200]	Time 0.008 (0.063)	Loss 0.0668 (0.0518)
2022-11-22 01:41:20,712 Test: [40/200]	Time 0.007 (0.050)	Loss 0.0400 (0.0554)
2022-11-22 01:41:20,789 Test: [50/200]	Time 0.007 (0.041)	Loss 0.0621 (0.0547)
2022-11-22 01:41:20,868 Test: [60/200]	Time 0.007 (0.036)	Loss 0.0810 (0.0573)
2022-11-22 01:41:20,941 Test: [70/200]	Time 0.007 (0.032)	Loss 0.0503 (0.0580)
2022-11-22 01:41:21,019 Test: [80/200]	Time 0.007 (0.029)	Loss 0.0529 (0.0570)
2022-11-22 01:41:21,096 Test: [90/200]	Time 0.008 (0.027)	Loss 0.0707 (0.0588)
2022-11-22 01:41:21,173 Test: [100/200]	Time 0.008 (0.025)	Loss 0.0821 (0.0582)
2022-11-22 01:41:21,250 Test: [110/200]	Time 0.007 (0.023)	Loss 0.1540 (0.0590)
2022-11-22 01:41:21,326 Test: [120/200]	Time 0.007 (0.022)	Loss 0.0956 (0.0580)
2022-11-22 01:41:21,402 Test: [130/200]	Time 0.007 (0.021)	Loss 0.0551 (0.0586)
2022-11-22 01:41:21,476 Test: [140/200]	Time 0.007 (0.020)	Loss 0.0591 (0.0580)
2022-11-22 01:41:21,550 Test: [150/200]	Time 0.007 (0.019)	Loss 0.0530 (0.0571)
2022-11-22 01:41:21,626 Test: [160/200]	Time 0.006 (0.018)	Loss 0.0603 (0.0570)
2022-11-22 01:41:21,702 Test: [170/200]	Time 0.006 (0.018)	Loss 0.0758 (0.0568)
2022-11-22 01:41:21,780 Test: [180/200]	Time 0.008 (0.017)	Loss 0.0406 (0.0567)
2022-11-22 01:41:21,860 Test: [190/200]	Time 0.007 (0.017)	Loss 0.0248 (0.0564)
2022-11-22 01:41:22,740 Mean IoU score: 0.854
2022-11-22 01:41:22,746 => saving checkpoint to out
2022-11-22 01:41:25,299 Epoch: [8][0/200]	Time 2.516s (2.516s)	Speed 12.7 samples/s	Data 2.362s (2.362s)	Loss 0.00735 (0.00735)
2022-11-22 01:41:26,402 Epoch: [8][10/200]	Time 0.019s (0.329s)	Speed 1684.2 samples/s	Data 0.001s (0.287s)	Loss 0.00976 (0.00923)
2022-11-22 01:41:26,572 Epoch: [8][20/200]	Time 0.017s (0.180s)	Speed 1882.6 samples/s	Data 0.001s (0.150s)	Loss 0.01054 (0.00911)
2022-11-22 01:41:26,738 Epoch: [8][30/200]	Time 0.017s (0.128s)	Speed 1882.4 samples/s	Data 0.001s (0.102s)	Loss 0.01187 (0.00922)
2022-11-22 01:41:26,904 Epoch: [8][40/200]	Time 0.016s (0.101s)	Speed 2000.0 samples/s	Data 0.000s (0.077s)	Loss 0.00790 (0.00915)
2022-11-22 01:41:27,071 Epoch: [8][50/200]	Time 0.016s (0.084s)	Speed 2000.0 samples/s	Data 0.000s (0.062s)	Loss 0.00779 (0.00907)
2022-11-22 01:41:27,236 Epoch: [8][60/200]	Time 0.017s (0.073s)	Speed 1882.3 samples/s	Data 0.000s (0.052s)	Loss 0.01004 (0.00915)
2022-11-22 01:41:27,403 Epoch: [8][70/200]	Time 0.017s (0.065s)	Speed 1882.3 samples/s	Data 0.000s (0.045s)	Loss 0.01270 (0.00916)
2022-11-22 01:41:27,568 Epoch: [8][80/200]	Time 0.017s (0.059s)	Speed 1882.4 samples/s	Data 0.001s (0.039s)	Loss 0.01463 (0.00912)
2022-11-22 01:41:27,735 Epoch: [8][90/200]	Time 0.016s (0.054s)	Speed 1999.9 samples/s	Data 0.000s (0.035s)	Loss 0.00757 (0.00912)
2022-11-22 01:41:27,901 Epoch: [8][100/200]	Time 0.017s (0.051s)	Speed 1882.4 samples/s	Data 0.001s (0.031s)	Loss 0.01105 (0.00917)
2022-11-22 01:41:28,067 Epoch: [8][110/200]	Time 0.016s (0.048s)	Speed 2000.1 samples/s	Data 0.000s (0.029s)	Loss 0.00887 (0.00912)
2022-11-22 01:41:28,233 Epoch: [8][120/200]	Time 0.017s (0.045s)	Speed 1882.3 samples/s	Data 0.001s (0.026s)	Loss 0.00827 (0.00910)
2022-11-22 01:41:28,400 Epoch: [8][130/200]	Time 0.016s (0.043s)	Speed 2000.1 samples/s	Data 0.000s (0.024s)	Loss 0.00895 (0.00905)
2022-11-22 01:41:28,567 Epoch: [8][140/200]	Time 0.016s (0.041s)	Speed 2000.2 samples/s	Data 0.000s (0.023s)	Loss 0.01223 (0.00915)
2022-11-22 01:41:28,735 Epoch: [8][150/200]	Time 0.018s (0.039s)	Speed 1777.8 samples/s	Data 0.001s (0.021s)	Loss 0.00682 (0.00916)
2022-11-22 01:41:28,900 Epoch: [8][160/200]	Time 0.016s (0.038s)	Speed 2000.0 samples/s	Data 0.000s (0.020s)	Loss 0.00849 (0.00921)
2022-11-22 01:41:29,067 Epoch: [8][170/200]	Time 0.016s (0.037s)	Speed 2000.1 samples/s	Data 0.000s (0.019s)	Loss 0.01005 (0.00921)
2022-11-22 01:41:29,234 Epoch: [8][180/200]	Time 0.017s (0.036s)	Speed 1882.3 samples/s	Data 0.000s (0.018s)	Loss 0.00990 (0.00923)
2022-11-22 01:41:29,401 Epoch: [8][190/200]	Time 0.017s (0.035s)	Speed 1882.4 samples/s	Data 0.000s (0.017s)	Loss 0.01038 (0.00924)
2022-11-22 01:41:31,418 Test: [0/200]	Time 1.665 (1.665)	Loss 0.0584 (0.0584)
2022-11-22 01:41:31,488 Test: [10/200]	Time 0.006 (0.158)	Loss 0.0169 (0.0528)
2022-11-22 01:41:31,564 Test: [20/200]	Time 0.007 (0.086)	Loss 0.0298 (0.0522)
2022-11-22 01:41:31,637 Test: [30/200]	Time 0.006 (0.061)	Loss 0.0658 (0.0543)
2022-11-22 01:41:31,710 Test: [40/200]	Time 0.006 (0.048)	Loss 0.0626 (0.0583)
2022-11-22 01:41:31,781 Test: [50/200]	Time 0.006 (0.040)	Loss 0.0668 (0.0567)
2022-11-22 01:41:31,855 Test: [60/200]	Time 0.007 (0.034)	Loss 0.0959 (0.0590)
2022-11-22 01:41:31,931 Test: [70/200]	Time 0.007 (0.031)	Loss 0.0461 (0.0598)
2022-11-22 01:41:32,004 Test: [80/200]	Time 0.007 (0.028)	Loss 0.0609 (0.0587)
2022-11-22 01:41:32,079 Test: [90/200]	Time 0.008 (0.026)	Loss 0.0676 (0.0606)
2022-11-22 01:41:32,153 Test: [100/200]	Time 0.008 (0.024)	Loss 0.0862 (0.0600)
2022-11-22 01:41:32,227 Test: [110/200]	Time 0.006 (0.022)	Loss 0.1637 (0.0608)
2022-11-22 01:41:32,303 Test: [120/200]	Time 0.007 (0.021)	Loss 0.0995 (0.0600)
2022-11-22 01:41:32,382 Test: [130/200]	Time 0.007 (0.020)	Loss 0.0481 (0.0609)
2022-11-22 01:41:32,460 Test: [140/200]	Time 0.007 (0.019)	Loss 0.0568 (0.0603)
2022-11-22 01:41:32,536 Test: [150/200]	Time 0.007 (0.018)	Loss 0.0600 (0.0596)
2022-11-22 01:41:32,612 Test: [160/200]	Time 0.007 (0.018)	Loss 0.0599 (0.0594)
2022-11-22 01:41:32,686 Test: [170/200]	Time 0.007 (0.017)	Loss 0.0674 (0.0593)
2022-11-22 01:41:32,760 Test: [180/200]	Time 0.007 (0.017)	Loss 0.0380 (0.0590)
2022-11-22 01:41:32,838 Test: [190/200]	Time 0.010 (0.016)	Loss 0.0230 (0.0588)
2022-11-22 01:41:33,717 Mean IoU score: 0.847
2022-11-22 01:41:33,723 => saving checkpoint to out
2022-11-22 01:41:36,196 Epoch: [9][0/200]	Time 2.447s (2.447s)	Speed 13.1 samples/s	Data 2.279s (2.279s)	Loss 0.01097 (0.01097)
2022-11-22 01:41:37,245 Epoch: [9][10/200]	Time 0.018s (0.318s)	Speed 1777.7 samples/s	Data 0.000s (0.281s)	Loss 0.00854 (0.00893)
2022-11-22 01:41:37,411 Epoch: [9][20/200]	Time 0.017s (0.174s)	Speed 1882.4 samples/s	Data 0.001s (0.147s)	Loss 0.01037 (0.00907)
2022-11-22 01:41:37,578 Epoch: [9][30/200]	Time 0.017s (0.124s)	Speed 1882.2 samples/s	Data 0.001s (0.100s)	Loss 0.00794 (0.00898)
2022-11-22 01:41:37,743 Epoch: [9][40/200]	Time 0.016s (0.097s)	Speed 2000.1 samples/s	Data 0.000s (0.076s)	Loss 0.00780 (0.00889)
2022-11-22 01:41:37,911 Epoch: [9][50/200]	Time 0.017s (0.082s)	Speed 1882.3 samples/s	Data 0.000s (0.061s)	Loss 0.00841 (0.00895)
2022-11-22 01:41:38,077 Epoch: [9][60/200]	Time 0.017s (0.071s)	Speed 1882.3 samples/s	Data 0.000s (0.051s)	Loss 0.01035 (0.00887)
2022-11-22 01:41:38,245 Epoch: [9][70/200]	Time 0.017s (0.063s)	Speed 1882.3 samples/s	Data 0.000s (0.044s)	Loss 0.01020 (0.00896)
2022-11-22 01:41:38,412 Epoch: [9][80/200]	Time 0.016s (0.058s)	Speed 2000.0 samples/s	Data 0.000s (0.038s)	Loss 0.00843 (0.00897)
2022-11-22 01:41:38,581 Epoch: [9][90/200]	Time 0.017s (0.053s)	Speed 1882.4 samples/s	Data 0.000s (0.034s)	Loss 0.00858 (0.00888)
2022-11-22 01:41:38,750 Epoch: [9][100/200]	Time 0.017s (0.050s)	Speed 1882.6 samples/s	Data 0.001s (0.031s)	Loss 0.00600 (0.00880)
2022-11-22 01:41:38,919 Epoch: [9][110/200]	Time 0.016s (0.047s)	Speed 1999.7 samples/s	Data 0.000s (0.028s)	Loss 0.00708 (0.00872)
2022-11-22 01:41:39,087 Epoch: [9][120/200]	Time 0.016s (0.044s)	Speed 2000.0 samples/s	Data 0.000s (0.026s)	Loss 0.00598 (0.00869)
2022-11-22 01:41:39,253 Epoch: [9][130/200]	Time 0.017s (0.042s)	Speed 1882.1 samples/s	Data 0.000s (0.024s)	Loss 0.00678 (0.00869)
2022-11-22 01:41:39,420 Epoch: [9][140/200]	Time 0.016s (0.040s)	Speed 1999.6 samples/s	Data 0.000s (0.022s)	Loss 0.00613 (0.00858)
2022-11-22 01:41:39,586 Epoch: [9][150/200]	Time 0.017s (0.039s)	Speed 1882.3 samples/s	Data 0.000s (0.021s)	Loss 0.00842 (0.00860)
2022-11-22 01:41:39,750 Epoch: [9][160/200]	Time 0.016s (0.037s)	Speed 2000.2 samples/s	Data 0.000s (0.019s)	Loss 0.00791 (0.00860)
2022-11-22 01:41:39,917 Epoch: [9][170/200]	Time 0.016s (0.036s)	Speed 2000.0 samples/s	Data 0.000s (0.018s)	Loss 0.01014 (0.00859)
2022-11-22 01:41:40,082 Epoch: [9][180/200]	Time 0.017s (0.035s)	Speed 1882.3 samples/s	Data 0.001s (0.017s)	Loss 0.00693 (0.00854)
2022-11-22 01:41:40,250 Epoch: [9][190/200]	Time 0.017s (0.034s)	Speed 1882.1 samples/s	Data 0.000s (0.016s)	Loss 0.00783 (0.00852)
2022-11-22 01:41:42,286 Test: [0/200]	Time 1.682 (1.682)	Loss 0.0473 (0.0473)
2022-11-22 01:41:42,367 Test: [10/200]	Time 0.007 (0.160)	Loss 0.0152 (0.0413)
2022-11-22 01:41:42,447 Test: [20/200]	Time 0.008 (0.088)	Loss 0.0360 (0.0444)
2022-11-22 01:41:42,530 Test: [30/200]	Time 0.009 (0.062)	Loss 0.0757 (0.0486)
2022-11-22 01:41:42,611 Test: [40/200]	Time 0.009 (0.049)	Loss 0.0389 (0.0516)
2022-11-22 01:41:42,690 Test: [50/200]	Time 0.007 (0.041)	Loss 0.0599 (0.0514)
2022-11-22 01:41:42,765 Test: [60/200]	Time 0.007 (0.035)	Loss 0.0850 (0.0549)
2022-11-22 01:41:42,842 Test: [70/200]	Time 0.007 (0.032)	Loss 0.0537 (0.0554)
2022-11-22 01:41:42,918 Test: [80/200]	Time 0.007 (0.029)	Loss 0.0532 (0.0543)
2022-11-22 01:41:42,995 Test: [90/200]	Time 0.009 (0.026)	Loss 0.0640 (0.0561)
2022-11-22 01:41:43,070 Test: [100/200]	Time 0.006 (0.024)	Loss 0.1016 (0.0560)
2022-11-22 01:41:43,146 Test: [110/200]	Time 0.007 (0.023)	Loss 0.1571 (0.0570)
2022-11-22 01:41:43,223 Test: [120/200]	Time 0.006 (0.022)	Loss 0.1012 (0.0561)
2022-11-22 01:41:43,296 Test: [130/200]	Time 0.007 (0.021)	Loss 0.0660 (0.0572)
2022-11-22 01:41:43,370 Test: [140/200]	Time 0.007 (0.020)	Loss 0.0565 (0.0565)
2022-11-22 01:41:43,446 Test: [150/200]	Time 0.009 (0.019)	Loss 0.0551 (0.0556)
2022-11-22 01:41:43,523 Test: [160/200]	Time 0.008 (0.018)	Loss 0.0500 (0.0552)
2022-11-22 01:41:43,601 Test: [170/200]	Time 0.008 (0.018)	Loss 0.0646 (0.0550)
2022-11-22 01:41:43,678 Test: [180/200]	Time 0.009 (0.017)	Loss 0.0447 (0.0546)
2022-11-22 01:41:43,752 Test: [190/200]	Time 0.007 (0.016)	Loss 0.0183 (0.0542)
2022-11-22 01:41:44,644 Mean IoU score: 0.863
2022-11-22 01:41:44,649 => saving checkpoint to out
2022-11-22 01:41:47,166 Epoch: [10][0/200]	Time 2.481s (2.481s)	Speed 12.9 samples/s	Data 2.318s (2.318s)	Loss 0.00869 (0.00869)
2022-11-22 01:41:48,253 Epoch: [10][10/200]	Time 0.019s (0.324s)	Speed 1684.2 samples/s	Data 0.000s (0.285s)	Loss 0.00748 (0.00783)
2022-11-22 01:41:48,418 Epoch: [10][20/200]	Time 0.017s (0.178s)	Speed 1882.4 samples/s	Data 0.000s (0.149s)	Loss 0.00638 (0.00767)
2022-11-22 01:41:48,584 Epoch: [10][30/200]	Time 0.017s (0.126s)	Speed 1882.4 samples/s	Data 0.001s (0.101s)	Loss 0.00775 (0.00756)
2022-11-22 01:41:48,749 Epoch: [10][40/200]	Time 0.016s (0.099s)	Speed 1999.9 samples/s	Data 0.000s (0.077s)	Loss 0.00909 (0.00778)
2022-11-22 01:41:48,916 Epoch: [10][50/200]	Time 0.017s (0.083s)	Speed 1882.4 samples/s	Data 0.000s (0.062s)	Loss 0.00866 (0.00786)
2022-11-22 01:41:49,082 Epoch: [10][60/200]	Time 0.016s (0.072s)	Speed 1999.7 samples/s	Data 0.000s (0.052s)	Loss 0.00666 (0.00775)
2022-11-22 01:41:49,248 Epoch: [10][70/200]	Time 0.016s (0.064s)	Speed 1999.7 samples/s	Data 0.000s (0.044s)	Loss 0.00602 (0.00772)
2022-11-22 01:41:49,415 Epoch: [10][80/200]	Time 0.016s (0.058s)	Speed 2000.1 samples/s	Data 0.000s (0.039s)	Loss 0.00747 (0.00774)
2022-11-22 01:41:49,581 Epoch: [10][90/200]	Time 0.016s (0.054s)	Speed 1999.8 samples/s	Data 0.000s (0.035s)	Loss 0.00976 (0.00774)
2022-11-22 01:41:49,748 Epoch: [10][100/200]	Time 0.016s (0.050s)	Speed 2000.1 samples/s	Data 0.000s (0.031s)	Loss 0.00686 (0.00772)
2022-11-22 01:41:49,915 Epoch: [10][110/200]	Time 0.017s (0.047s)	Speed 1882.5 samples/s	Data 0.001s (0.028s)	Loss 0.00821 (0.00770)
2022-11-22 01:41:50,080 Epoch: [10][120/200]	Time 0.017s (0.045s)	Speed 1882.3 samples/s	Data 0.001s (0.026s)	Loss 0.00965 (0.00770)
2022-11-22 01:41:50,250 Epoch: [10][130/200]	Time 0.017s (0.042s)	Speed 1882.6 samples/s	Data 0.000s (0.024s)	Loss 0.00830 (0.00770)
2022-11-22 01:41:50,417 Epoch: [10][140/200]	Time 0.017s (0.041s)	Speed 1882.5 samples/s	Data 0.000s (0.022s)	Loss 0.00930 (0.00773)
2022-11-22 01:41:50,586 Epoch: [10][150/200]	Time 0.016s (0.039s)	Speed 2000.0 samples/s	Data 0.000s (0.021s)	Loss 0.00667 (0.00772)
2022-11-22 01:41:50,752 Epoch: [10][160/200]	Time 0.016s (0.038s)	Speed 2000.2 samples/s	Data 0.000s (0.020s)	Loss 0.00652 (0.00771)
2022-11-22 01:41:50,919 Epoch: [10][170/200]	Time 0.016s (0.036s)	Speed 2000.1 samples/s	Data 0.000s (0.019s)	Loss 0.00846 (0.00773)
2022-11-22 01:41:51,085 Epoch: [10][180/200]	Time 0.017s (0.035s)	Speed 1882.4 samples/s	Data 0.001s (0.018s)	Loss 0.00981 (0.00776)
2022-11-22 01:41:51,252 Epoch: [10][190/200]	Time 0.017s (0.034s)	Speed 1882.4 samples/s	Data 0.000s (0.017s)	Loss 0.00772 (0.00778)
2022-11-22 01:41:53,335 Test: [0/200]	Time 1.707 (1.707)	Loss 0.0452 (0.0452)
2022-11-22 01:41:53,420 Test: [10/200]	Time 0.007 (0.163)	Loss 0.0175 (0.0447)
2022-11-22 01:41:53,497 Test: [20/200]	Time 0.008 (0.089)	Loss 0.0309 (0.0463)
2022-11-22 01:41:53,579 Test: [30/200]	Time 0.010 (0.063)	Loss 0.0577 (0.0497)
2022-11-22 01:41:53,661 Test: [40/200]	Time 0.009 (0.050)	Loss 0.0558 (0.0535)
2022-11-22 01:41:53,737 Test: [50/200]	Time 0.007 (0.041)	Loss 0.0652 (0.0530)
2022-11-22 01:41:53,818 Test: [60/200]	Time 0.007 (0.036)	Loss 0.0992 (0.0560)
2022-11-22 01:41:53,895 Test: [70/200]	Time 0.006 (0.032)	Loss 0.0401 (0.0566)
2022-11-22 01:41:53,971 Test: [80/200]	Time 0.007 (0.029)	Loss 0.0520 (0.0556)
2022-11-22 01:41:54,052 Test: [90/200]	Time 0.007 (0.027)	Loss 0.0608 (0.0572)
2022-11-22 01:41:54,133 Test: [100/200]	Time 0.007 (0.025)	Loss 0.0660 (0.0566)
2022-11-22 01:41:54,218 Test: [110/200]	Time 0.008 (0.023)	Loss 0.1666 (0.0576)
2022-11-22 01:41:54,299 Test: [120/200]	Time 0.007 (0.022)	Loss 0.0713 (0.0565)
2022-11-22 01:41:54,385 Test: [130/200]	Time 0.008 (0.021)	Loss 0.0533 (0.0572)
2022-11-22 01:41:54,467 Test: [140/200]	Time 0.007 (0.020)	Loss 0.0470 (0.0565)
2022-11-22 01:41:54,548 Test: [150/200]	Time 0.008 (0.019)	Loss 0.0764 (0.0559)
2022-11-22 01:41:54,627 Test: [160/200]	Time 0.008 (0.019)	Loss 0.0508 (0.0556)
2022-11-22 01:41:54,711 Test: [170/200]	Time 0.009 (0.018)	Loss 0.0570 (0.0552)
2022-11-22 01:41:54,795 Test: [180/200]	Time 0.007 (0.017)	Loss 0.0480 (0.0552)
2022-11-22 01:41:54,877 Test: [190/200]	Time 0.009 (0.017)	Loss 0.0208 (0.0550)
2022-11-22 01:41:55,757 Mean IoU score: 0.863
2022-11-22 01:41:55,763 => saving checkpoint to out
2022-11-22 01:41:58,230 Epoch: [11][0/200]	Time 2.429s (2.429s)	Speed 13.2 samples/s	Data 2.261s (2.261s)	Loss 0.00750 (0.00750)
2022-11-22 01:41:59,351 Epoch: [11][10/200]	Time 0.019s (0.323s)	Speed 1684.1 samples/s	Data 0.000s (0.288s)	Loss 0.00679 (0.00763)
2022-11-22 01:41:59,527 Epoch: [11][20/200]	Time 0.016s (0.177s)	Speed 2000.0 samples/s	Data 0.000s (0.151s)	Loss 0.00713 (0.00742)
2022-11-22 01:41:59,692 Epoch: [11][30/200]	Time 0.016s (0.125s)	Speed 2000.0 samples/s	Data 0.000s (0.102s)	Loss 0.00681 (0.00725)
2022-11-22 01:41:59,855 Epoch: [11][40/200]	Time 0.016s (0.099s)	Speed 2000.0 samples/s	Data 0.000s (0.077s)	Loss 0.00694 (0.00725)
2022-11-22 01:42:00,019 Epoch: [11][50/200]	Time 0.017s (0.083s)	Speed 1882.3 samples/s	Data 0.001s (0.062s)	Loss 0.00582 (0.00723)
2022-11-22 01:42:00,184 Epoch: [11][60/200]	Time 0.016s (0.072s)	Speed 2000.1 samples/s	Data 0.001s (0.052s)	Loss 0.00647 (0.00720)
2022-11-22 01:42:00,350 Epoch: [11][70/200]	Time 0.016s (0.064s)	Speed 2000.0 samples/s	Data 0.000s (0.045s)	Loss 0.00841 (0.00725)
2022-11-22 01:42:00,516 Epoch: [11][80/200]	Time 0.017s (0.058s)	Speed 1882.3 samples/s	Data 0.000s (0.039s)	Loss 0.00727 (0.00725)
2022-11-22 01:42:00,682 Epoch: [11][90/200]	Time 0.016s (0.054s)	Speed 1999.9 samples/s	Data 0.000s (0.035s)	Loss 0.00623 (0.00727)
2022-11-22 01:42:00,846 Epoch: [11][100/200]	Time 0.016s (0.050s)	Speed 1999.5 samples/s	Data 0.000s (0.032s)	Loss 0.00759 (0.00726)
2022-11-22 01:42:01,015 Epoch: [11][110/200]	Time 0.017s (0.047s)	Speed 1881.9 samples/s	Data 0.000s (0.029s)	Loss 0.00647 (0.00732)
2022-11-22 01:42:01,179 Epoch: [11][120/200]	Time 0.016s (0.044s)	Speed 2000.0 samples/s	Data 0.001s (0.026s)	Loss 0.00797 (0.00735)
2022-11-22 01:42:01,346 Epoch: [11][130/200]	Time 0.017s (0.042s)	Speed 1882.2 samples/s	Data 0.000s (0.024s)	Loss 0.00899 (0.00732)
2022-11-22 01:42:01,513 Epoch: [11][140/200]	Time 0.017s (0.041s)	Speed 1882.6 samples/s	Data 0.000s (0.023s)	Loss 0.00992 (0.00733)
2022-11-22 01:42:01,680 Epoch: [11][150/200]	Time 0.017s (0.039s)	Speed 1882.4 samples/s	Data 0.000s (0.021s)	Loss 0.00692 (0.00732)
2022-11-22 01:42:01,847 Epoch: [11][160/200]	Time 0.018s (0.038s)	Speed 1777.8 samples/s	Data 0.001s (0.020s)	Loss 0.00505 (0.00735)
2022-11-22 01:42:02,014 Epoch: [11][170/200]	Time 0.016s (0.036s)	Speed 2000.3 samples/s	Data 0.000s (0.019s)	Loss 0.00799 (0.00739)
2022-11-22 01:42:02,180 Epoch: [11][180/200]	Time 0.017s (0.035s)	Speed 1882.3 samples/s	Data 0.000s (0.018s)	Loss 0.00572 (0.00739)
2022-11-22 01:42:02,348 Epoch: [11][190/200]	Time 0.016s (0.034s)	Speed 2000.0 samples/s	Data 0.000s (0.017s)	Loss 0.00863 (0.00741)
2022-11-22 01:42:04,407 Test: [0/200]	Time 1.713 (1.713)	Loss 0.0454 (0.0454)
2022-11-22 01:42:04,484 Test: [10/200]	Time 0.007 (0.163)	Loss 0.0190 (0.0439)
2022-11-22 01:42:04,559 Test: [20/200]	Time 0.008 (0.089)	Loss 0.0355 (0.0447)
2022-11-22 01:42:04,634 Test: [30/200]	Time 0.007 (0.063)	Loss 0.0586 (0.0478)
2022-11-22 01:42:04,709 Test: [40/200]	Time 0.008 (0.049)	Loss 0.0397 (0.0514)
2022-11-22 01:42:04,784 Test: [50/200]	Time 0.007 (0.041)	Loss 0.0583 (0.0507)
2022-11-22 01:42:04,861 Test: [60/200]	Time 0.008 (0.036)	Loss 0.0844 (0.0539)
2022-11-22 01:42:04,940 Test: [70/200]	Time 0.008 (0.032)	Loss 0.0488 (0.0550)
2022-11-22 01:42:05,016 Test: [80/200]	Time 0.007 (0.029)	Loss 0.0553 (0.0539)
2022-11-22 01:42:05,094 Test: [90/200]	Time 0.007 (0.026)	Loss 0.0556 (0.0554)
2022-11-22 01:42:05,167 Test: [100/200]	Time 0.007 (0.024)	Loss 0.0849 (0.0550)
2022-11-22 01:42:05,242 Test: [110/200]	Time 0.008 (0.023)	Loss 0.1617 (0.0562)
2022-11-22 01:42:05,319 Test: [120/200]	Time 0.007 (0.022)	Loss 0.0891 (0.0551)
2022-11-22 01:42:05,401 Test: [130/200]	Time 0.008 (0.021)	Loss 0.0571 (0.0565)
2022-11-22 01:42:05,478 Test: [140/200]	Time 0.007 (0.020)	Loss 0.0581 (0.0557)
2022-11-22 01:42:05,555 Test: [150/200]	Time 0.007 (0.019)	Loss 0.0627 (0.0548)
2022-11-22 01:42:05,634 Test: [160/200]	Time 0.007 (0.018)	Loss 0.0583 (0.0546)
2022-11-22 01:42:05,716 Test: [170/200]	Time 0.007 (0.018)	Loss 0.0726 (0.0545)
2022-11-22 01:42:05,795 Test: [180/200]	Time 0.008 (0.017)	Loss 0.0549 (0.0542)
2022-11-22 01:42:05,872 Test: [190/200]	Time 0.007 (0.017)	Loss 0.0193 (0.0539)
2022-11-22 01:42:06,733 Mean IoU score: 0.863
2022-11-22 01:42:06,739 => saving checkpoint to out
2022-11-22 01:42:09,192 Epoch: [12][0/200]	Time 2.425s (2.425s)	Speed 13.2 samples/s	Data 2.259s (2.259s)	Loss 0.00564 (0.00564)
2022-11-22 01:42:10,298 Epoch: [12][10/200]	Time 0.017s (0.321s)	Speed 1882.4 samples/s	Data 0.000s (0.283s)	Loss 0.00648 (0.00675)
2022-11-22 01:42:10,476 Epoch: [12][20/200]	Time 0.017s (0.177s)	Speed 1882.4 samples/s	Data 0.001s (0.148s)	Loss 0.00570 (0.00668)
2022-11-22 01:42:10,643 Epoch: [12][30/200]	Time 0.017s (0.125s)	Speed 1882.3 samples/s	Data 0.000s (0.101s)	Loss 0.00461 (0.00674)
2022-11-22 01:42:10,810 Epoch: [12][40/200]	Time 0.016s (0.099s)	Speed 2000.0 samples/s	Data 0.000s (0.076s)	Loss 0.00479 (0.00669)
2022-11-22 01:42:10,977 Epoch: [12][50/200]	Time 0.016s (0.083s)	Speed 1999.9 samples/s	Data 0.000s (0.061s)	Loss 0.00709 (0.00682)
2022-11-22 01:42:11,143 Epoch: [12][60/200]	Time 0.016s (0.072s)	Speed 2000.0 samples/s	Data 0.000s (0.051s)	Loss 0.00841 (0.00692)
2022-11-22 01:42:11,310 Epoch: [12][70/200]	Time 0.017s (0.064s)	Speed 1882.4 samples/s	Data 0.000s (0.044s)	Loss 0.00739 (0.00692)
2022-11-22 01:42:11,476 Epoch: [12][80/200]	Time 0.017s (0.058s)	Speed 1882.5 samples/s	Data 0.000s (0.039s)	Loss 0.00618 (0.00698)
2022-11-22 01:42:11,644 Epoch: [12][90/200]	Time 0.016s (0.054s)	Speed 2000.1 samples/s	Data 0.000s (0.034s)	Loss 0.00642 (0.00695)
2022-11-22 01:42:11,811 Epoch: [12][100/200]	Time 0.017s (0.050s)	Speed 1882.4 samples/s	Data 0.001s (0.031s)	Loss 0.00810 (0.00695)
2022-11-22 01:42:11,979 Epoch: [12][110/200]	Time 0.016s (0.047s)	Speed 1999.8 samples/s	Data 0.000s (0.028s)	Loss 0.00871 (0.00694)
2022-11-22 01:42:12,145 Epoch: [12][120/200]	Time 0.017s (0.044s)	Speed 1882.4 samples/s	Data 0.001s (0.026s)	Loss 0.00629 (0.00694)
2022-11-22 01:42:12,312 Epoch: [12][130/200]	Time 0.017s (0.042s)	Speed 1882.4 samples/s	Data 0.000s (0.024s)	Loss 0.00805 (0.00699)
2022-11-22 01:42:12,478 Epoch: [12][140/200]	Time 0.016s (0.041s)	Speed 2000.0 samples/s	Data 0.000s (0.022s)	Loss 0.00773 (0.00698)
2022-11-22 01:42:12,644 Epoch: [12][150/200]	Time 0.016s (0.039s)	Speed 2000.0 samples/s	Data 0.000s (0.021s)	Loss 0.00777 (0.00700)
2022-11-22 01:42:12,811 Epoch: [12][160/200]	Time 0.016s (0.038s)	Speed 1999.9 samples/s	Data 0.000s (0.020s)	Loss 0.00729 (0.00697)
2022-11-22 01:42:12,977 Epoch: [12][170/200]	Time 0.016s (0.036s)	Speed 1999.7 samples/s	Data 0.000s (0.018s)	Loss 0.00650 (0.00698)
2022-11-22 01:42:13,143 Epoch: [12][180/200]	Time 0.016s (0.035s)	Speed 2000.0 samples/s	Data 0.000s (0.017s)	Loss 0.00679 (0.00697)
2022-11-22 01:42:13,311 Epoch: [12][190/200]	Time 0.017s (0.034s)	Speed 1882.5 samples/s	Data 0.001s (0.017s)	Loss 0.00791 (0.00701)
2022-11-22 01:42:15,426 Test: [0/200]	Time 1.696 (1.696)	Loss 0.0580 (0.0580)
2022-11-22 01:42:15,506 Test: [10/200]	Time 0.008 (0.161)	Loss 0.0205 (0.0471)
2022-11-22 01:42:15,585 Test: [20/200]	Time 0.008 (0.088)	Loss 0.0564 (0.0524)
2022-11-22 01:42:15,667 Test: [30/200]	Time 0.007 (0.062)	Loss 0.0593 (0.0556)
2022-11-22 01:42:15,747 Test: [40/200]	Time 0.007 (0.049)	Loss 0.0613 (0.0582)
2022-11-22 01:42:15,834 Test: [50/200]	Time 0.008 (0.041)	Loss 0.0778 (0.0573)
2022-11-22 01:42:15,915 Test: [60/200]	Time 0.006 (0.036)	Loss 0.0834 (0.0590)
2022-11-22 01:42:15,993 Test: [70/200]	Time 0.007 (0.032)	Loss 0.0478 (0.0600)
2022-11-22 01:42:16,069 Test: [80/200]	Time 0.007 (0.029)	Loss 0.0515 (0.0583)
2022-11-22 01:42:16,143 Test: [90/200]	Time 0.007 (0.027)	Loss 0.0638 (0.0603)
2022-11-22 01:42:16,219 Test: [100/200]	Time 0.007 (0.025)	Loss 0.0706 (0.0594)
2022-11-22 01:42:16,295 Test: [110/200]	Time 0.007 (0.023)	Loss 0.1745 (0.0604)
2022-11-22 01:42:16,371 Test: [120/200]	Time 0.008 (0.022)	Loss 0.0697 (0.0590)
2022-11-22 01:42:16,450 Test: [130/200]	Time 0.007 (0.021)	Loss 0.0560 (0.0600)
2022-11-22 01:42:16,527 Test: [140/200]	Time 0.007 (0.020)	Loss 0.0758 (0.0591)
2022-11-22 01:42:16,608 Test: [150/200]	Time 0.010 (0.019)	Loss 0.0643 (0.0583)
2022-11-22 01:42:16,687 Test: [160/200]	Time 0.007 (0.018)	Loss 0.0691 (0.0580)
2022-11-22 01:42:16,764 Test: [170/200]	Time 0.007 (0.018)	Loss 0.0812 (0.0578)
2022-11-22 01:42:16,843 Test: [180/200]	Time 0.010 (0.017)	Loss 0.0510 (0.0577)
2022-11-22 01:42:16,921 Test: [190/200]	Time 0.007 (0.017)	Loss 0.0210 (0.0575)
2022-11-22 01:42:17,811 Mean IoU score: 0.857
2022-11-22 01:42:17,817 => saving checkpoint to out
2022-11-22 01:42:20,295 Epoch: [13][0/200]	Time 2.450s (2.450s)	Speed 13.1 samples/s	Data 2.295s (2.295s)	Loss 0.00759 (0.00759)
2022-11-22 01:42:21,413 Epoch: [13][10/200]	Time 0.018s (0.324s)	Speed 1777.8 samples/s	Data 0.000s (0.282s)	Loss 0.01015 (0.00761)
2022-11-22 01:42:21,581 Epoch: [13][20/200]	Time 0.017s (0.178s)	Speed 1882.4 samples/s	Data 0.001s (0.148s)	Loss 0.00720 (0.00743)
2022-11-22 01:42:21,747 Epoch: [13][30/200]	Time 0.017s (0.126s)	Speed 1882.5 samples/s	Data 0.001s (0.100s)	Loss 0.00555 (0.00713)
2022-11-22 01:42:21,913 Epoch: [13][40/200]	Time 0.016s (0.099s)	Speed 2000.0 samples/s	Data 0.000s (0.076s)	Loss 0.00552 (0.00695)
2022-11-22 01:42:22,081 Epoch: [13][50/200]	Time 0.017s (0.083s)	Speed 1882.4 samples/s	Data 0.000s (0.061s)	Loss 0.00467 (0.00690)
2022-11-22 01:42:22,248 Epoch: [13][60/200]	Time 0.017s (0.072s)	Speed 1882.7 samples/s	Data 0.000s (0.051s)	Loss 0.00687 (0.00687)
2022-11-22 01:42:22,416 Epoch: [13][70/200]	Time 0.017s (0.064s)	Speed 1882.4 samples/s	Data 0.000s (0.044s)	Loss 0.00724 (0.00680)
2022-11-22 01:42:22,583 Epoch: [13][80/200]	Time 0.017s (0.058s)	Speed 1882.3 samples/s	Data 0.000s (0.039s)	Loss 0.00532 (0.00681)
2022-11-22 01:42:22,750 Epoch: [13][90/200]	Time 0.016s (0.054s)	Speed 1999.9 samples/s	Data 0.000s (0.034s)	Loss 0.00526 (0.00684)
2022-11-22 01:42:22,916 Epoch: [13][100/200]	Time 0.017s (0.050s)	Speed 1882.4 samples/s	Data 0.000s (0.031s)	Loss 0.00603 (0.00688)
2022-11-22 01:42:23,083 Epoch: [13][110/200]	Time 0.016s (0.047s)	Speed 2000.1 samples/s	Data 0.000s (0.028s)	Loss 0.00597 (0.00685)
2022-11-22 01:42:23,248 Epoch: [13][120/200]	Time 0.016s (0.045s)	Speed 2000.1 samples/s	Data 0.000s (0.026s)	Loss 0.00662 (0.00678)
2022-11-22 01:42:23,416 Epoch: [13][130/200]	Time 0.017s (0.043s)	Speed 1882.3 samples/s	Data 0.000s (0.024s)	Loss 0.00668 (0.00677)
2022-11-22 01:42:23,583 Epoch: [13][140/200]	Time 0.017s (0.041s)	Speed 1882.4 samples/s	Data 0.000s (0.022s)	Loss 0.00535 (0.00674)
2022-11-22 01:42:23,749 Epoch: [13][150/200]	Time 0.016s (0.039s)	Speed 1999.9 samples/s	Data 0.000s (0.021s)	Loss 0.00755 (0.00672)
2022-11-22 01:42:23,913 Epoch: [13][160/200]	Time 0.016s (0.038s)	Speed 2000.0 samples/s	Data 0.000s (0.020s)	Loss 0.00673 (0.00674)
2022-11-22 01:42:24,081 Epoch: [13][170/200]	Time 0.016s (0.036s)	Speed 2000.1 samples/s	Data 0.000s (0.018s)	Loss 0.00773 (0.00675)
2022-11-22 01:42:24,246 Epoch: [13][180/200]	Time 0.016s (0.035s)	Speed 2000.1 samples/s	Data 0.000s (0.017s)	Loss 0.00676 (0.00676)
2022-11-22 01:42:24,414 Epoch: [13][190/200]	Time 0.017s (0.034s)	Speed 1882.3 samples/s	Data 0.000s (0.016s)	Loss 0.00778 (0.00676)
2022-11-22 01:42:26,490 Test: [0/200]	Time 1.698 (1.698)	Loss 0.0447 (0.0447)
2022-11-22 01:42:26,577 Test: [10/200]	Time 0.009 (0.162)	Loss 0.0105 (0.0443)
2022-11-22 01:42:26,663 Test: [20/200]	Time 0.007 (0.089)	Loss 0.0306 (0.0473)
2022-11-22 01:42:26,749 Test: [30/200]	Time 0.007 (0.063)	Loss 0.0754 (0.0530)
2022-11-22 01:42:26,832 Test: [40/200]	Time 0.007 (0.050)	Loss 0.0374 (0.0563)
2022-11-22 01:42:26,912 Test: [50/200]	Time 0.007 (0.042)	Loss 0.0842 (0.0560)
2022-11-22 01:42:26,991 Test: [60/200]	Time 0.009 (0.036)	Loss 0.1026 (0.0605)
2022-11-22 01:42:27,068 Test: [70/200]	Time 0.007 (0.032)	Loss 0.0558 (0.0610)
2022-11-22 01:42:27,144 Test: [80/200]	Time 0.008 (0.029)	Loss 0.0537 (0.0596)
2022-11-22 01:42:27,220 Test: [90/200]	Time 0.007 (0.027)	Loss 0.0803 (0.0609)
2022-11-22 01:42:27,299 Test: [100/200]	Time 0.008 (0.025)	Loss 0.0730 (0.0605)
2022-11-22 01:42:27,380 Test: [110/200]	Time 0.008 (0.023)	Loss 0.1893 (0.0618)
2022-11-22 01:42:27,463 Test: [120/200]	Time 0.008 (0.022)	Loss 0.0755 (0.0604)
2022-11-22 01:42:27,541 Test: [130/200]	Time 0.008 (0.021)	Loss 0.0599 (0.0615)
2022-11-22 01:42:27,619 Test: [140/200]	Time 0.007 (0.020)	Loss 0.0708 (0.0609)
2022-11-22 01:42:27,697 Test: [150/200]	Time 0.008 (0.019)	Loss 0.0763 (0.0602)
2022-11-22 01:42:27,774 Test: [160/200]	Time 0.008 (0.019)	Loss 0.0638 (0.0598)
2022-11-22 01:42:27,853 Test: [170/200]	Time 0.007 (0.018)	Loss 0.0691 (0.0592)
2022-11-22 01:42:27,931 Test: [180/200]	Time 0.008 (0.017)	Loss 0.0683 (0.0589)
2022-11-22 01:42:28,007 Test: [190/200]	Time 0.007 (0.017)	Loss 0.0209 (0.0583)
2022-11-22 01:42:28,867 Mean IoU score: 0.857
2022-11-22 01:42:28,873 => saving checkpoint to out
2022-11-22 01:42:31,342 Epoch: [14][0/200]	Time 2.442s (2.442s)	Speed 13.1 samples/s	Data 2.285s (2.285s)	Loss 0.00475 (0.00475)
2022-11-22 01:42:32,486 Epoch: [14][10/200]	Time 0.018s (0.326s)	Speed 1777.8 samples/s	Data 0.000s (0.287s)	Loss 0.00458 (0.00552)
2022-11-22 01:42:32,661 Epoch: [14][20/200]	Time 0.016s (0.179s)	Speed 2000.0 samples/s	Data 0.000s (0.150s)	Loss 0.00609 (0.00598)
2022-11-22 01:42:32,826 Epoch: [14][30/200]	Time 0.016s (0.127s)	Speed 1999.8 samples/s	Data 0.000s (0.102s)	Loss 0.00657 (0.00631)
2022-11-22 01:42:32,991 Epoch: [14][40/200]	Time 0.016s (0.100s)	Speed 1999.9 samples/s	Data 0.000s (0.077s)	Loss 0.00697 (0.00647)
2022-11-22 01:42:33,159 Epoch: [14][50/200]	Time 0.017s (0.084s)	Speed 1882.1 samples/s	Data 0.000s (0.062s)	Loss 0.00663 (0.00666)
2022-11-22 01:42:33,325 Epoch: [14][60/200]	Time 0.017s (0.073s)	Speed 1882.5 samples/s	Data 0.000s (0.052s)	Loss 0.00727 (0.00667)
2022-11-22 01:42:33,492 Epoch: [14][70/200]	Time 0.017s (0.065s)	Speed 1882.5 samples/s	Data 0.000s (0.045s)	Loss 0.00581 (0.00663)
2022-11-22 01:42:33,659 Epoch: [14][80/200]	Time 0.017s (0.059s)	Speed 1882.3 samples/s	Data 0.000s (0.039s)	Loss 0.00562 (0.00662)
2022-11-22 01:42:33,825 Epoch: [14][90/200]	Time 0.016s (0.054s)	Speed 2000.0 samples/s	Data 0.000s (0.035s)	Loss 0.00732 (0.00661)
2022-11-22 01:42:33,992 Epoch: [14][100/200]	Time 0.017s (0.050s)	Speed 1882.2 samples/s	Data 0.000s (0.031s)	Loss 0.00525 (0.00676)
2022-11-22 01:42:34,160 Epoch: [14][110/200]	Time 0.017s (0.047s)	Speed 1882.3 samples/s	Data 0.000s (0.029s)	Loss 0.01016 (0.00694)
2022-11-22 01:42:34,327 Epoch: [14][120/200]	Time 0.017s (0.045s)	Speed 1882.4 samples/s	Data 0.000s (0.026s)	Loss 0.01111 (0.00735)
2022-11-22 01:42:34,495 Epoch: [14][130/200]	Time 0.017s (0.043s)	Speed 1882.3 samples/s	Data 0.000s (0.024s)	Loss 0.03741 (0.00842)
2022-11-22 01:42:34,662 Epoch: [14][140/200]	Time 0.017s (0.041s)	Speed 1882.3 samples/s	Data 0.001s (0.022s)	Loss 0.02136 (0.00965)
2022-11-22 01:42:34,830 Epoch: [14][150/200]	Time 0.017s (0.039s)	Speed 1882.4 samples/s	Data 0.000s (0.021s)	Loss 0.02276 (0.01052)
2022-11-22 01:42:34,998 Epoch: [14][160/200]	Time 0.016s (0.038s)	Speed 1999.9 samples/s	Data 0.000s (0.020s)	Loss 0.02451 (0.01114)
2022-11-22 01:42:35,164 Epoch: [14][170/200]	Time 0.016s (0.037s)	Speed 1999.8 samples/s	Data 0.000s (0.019s)	Loss 0.01818 (0.01163)
2022-11-22 01:42:35,330 Epoch: [14][180/200]	Time 0.016s (0.036s)	Speed 2000.0 samples/s	Data 0.000s (0.018s)	Loss 0.01705 (0.01198)
2022-11-22 01:42:35,498 Epoch: [14][190/200]	Time 0.016s (0.035s)	Speed 2000.0 samples/s	Data 0.000s (0.017s)	Loss 0.01469 (0.01211)
2022-11-22 01:42:37,579 Test: [0/200]	Time 1.717 (1.717)	Loss 0.2040 (0.2040)
2022-11-22 01:42:37,659 Test: [10/200]	Time 0.010 (0.163)	Loss 0.0104 (0.1251)
2022-11-22 01:42:37,739 Test: [20/200]	Time 0.008 (0.089)	Loss 0.1049 (0.1305)
2022-11-22 01:42:37,818 Test: [30/200]	Time 0.008 (0.063)	Loss 0.2089 (0.1379)
2022-11-22 01:42:37,903 Test: [40/200]	Time 0.007 (0.050)	Loss 0.1819 (0.1461)
2022-11-22 01:42:37,981 Test: [50/200]	Time 0.007 (0.042)	Loss 0.1989 (0.1439)
2022-11-22 01:42:38,059 Test: [60/200]	Time 0.007 (0.036)	Loss 0.1901 (0.1500)
2022-11-22 01:42:38,138 Test: [70/200]	Time 0.008 (0.032)	Loss 0.1775 (0.1500)
2022-11-22 01:42:38,219 Test: [80/200]	Time 0.007 (0.029)	Loss 0.1440 (0.1444)
2022-11-22 01:42:38,302 Test: [90/200]	Time 0.008 (0.027)	Loss 0.1487 (0.1475)
2022-11-22 01:42:38,384 Test: [100/200]	Time 0.007 (0.025)	Loss 0.1776 (0.1445)
2022-11-22 01:42:38,464 Test: [110/200]	Time 0.007 (0.023)	Loss 0.2229 (0.1452)
2022-11-22 01:42:38,546 Test: [120/200]	Time 0.008 (0.022)	Loss 0.1071 (0.1438)
2022-11-22 01:42:38,629 Test: [130/200]	Time 0.007 (0.021)	Loss 0.1363 (0.1445)
2022-11-22 01:42:38,709 Test: [140/200]	Time 0.007 (0.020)	Loss 0.1168 (0.1427)
2022-11-22 01:42:38,800 Test: [150/200]	Time 0.010 (0.019)	Loss 0.1777 (0.1418)
2022-11-22 01:42:38,889 Test: [160/200]	Time 0.009 (0.019)	Loss 0.1885 (0.1410)
2022-11-22 01:42:38,969 Test: [170/200]	Time 0.007 (0.018)	Loss 0.1587 (0.1400)
2022-11-22 01:42:39,053 Test: [180/200]	Time 0.008 (0.018)	Loss 0.1207 (0.1392)
2022-11-22 01:42:39,135 Test: [190/200]	Time 0.007 (0.017)	Loss 0.0554 (0.1391)
2022-11-22 01:42:40,004 Mean IoU score: 0.706
2022-11-22 01:42:40,009 => saving checkpoint to out
2022-11-22 01:42:42,480 Epoch: [15][0/200]	Time 2.443s (2.443s)	Speed 13.1 samples/s	Data 2.279s (2.279s)	Loss 0.01185 (0.01185)
2022-11-22 01:42:43,600 Epoch: [15][10/200]	Time 0.020s (0.324s)	Speed 1600.0 samples/s	Data 0.001s (0.281s)	Loss 0.01394 (0.01377)
2022-11-22 01:42:43,767 Epoch: [15][20/200]	Time 0.016s (0.178s)	Speed 2000.1 samples/s	Data 0.000s (0.147s)	Loss 0.00958 (0.01299)
2022-11-22 01:42:43,931 Epoch: [15][30/200]	Time 0.016s (0.126s)	Speed 2000.2 samples/s	Data 0.000s (0.100s)	Loss 0.00813 (0.01282)
2022-11-22 01:42:44,096 Epoch: [15][40/200]	Time 0.016s (0.099s)	Speed 2000.0 samples/s	Data 0.000s (0.075s)	Loss 0.01102 (0.01262)
2022-11-22 01:42:44,263 Epoch: [15][50/200]	Time 0.016s (0.083s)	Speed 2000.0 samples/s	Data 0.000s (0.061s)	Loss 0.01109 (0.01280)
2022-11-22 01:42:44,427 Epoch: [15][60/200]	Time 0.017s (0.072s)	Speed 1882.4 samples/s	Data 0.000s (0.051s)	Loss 0.01185 (0.01282)
2022-11-22 01:42:44,592 Epoch: [15][70/200]	Time 0.016s (0.064s)	Speed 2000.1 samples/s	Data 0.000s (0.044s)	Loss 0.01081 (0.01259)
2022-11-22 01:42:44,757 Epoch: [15][80/200]	Time 0.017s (0.058s)	Speed 1882.3 samples/s	Data 0.000s (0.038s)	Loss 0.00857 (0.01248)
2022-11-22 01:42:44,924 Epoch: [15][90/200]	Time 0.017s (0.054s)	Speed 1882.4 samples/s	Data 0.000s (0.034s)	Loss 0.01472 (0.01238)
2022-11-22 01:42:45,091 Epoch: [15][100/200]	Time 0.016s (0.050s)	Speed 2000.0 samples/s	Data 0.000s (0.031s)	Loss 0.01473 (0.01231)
2022-11-22 01:42:45,259 Epoch: [15][110/200]	Time 0.017s (0.047s)	Speed 1882.5 samples/s	Data 0.000s (0.028s)	Loss 0.01182 (0.01229)
2022-11-22 01:42:45,426 Epoch: [15][120/200]	Time 0.016s (0.045s)	Speed 2000.0 samples/s	Data 0.000s (0.026s)	Loss 0.00770 (0.01223)
2022-11-22 01:42:45,593 Epoch: [15][130/200]	Time 0.017s (0.042s)	Speed 1882.3 samples/s	Data 0.001s (0.024s)	Loss 0.01749 (0.01217)
2022-11-22 01:42:45,757 Epoch: [15][140/200]	Time 0.016s (0.041s)	Speed 1999.5 samples/s	Data 0.000s (0.022s)	Loss 0.01371 (0.01204)
2022-11-22 01:42:45,925 Epoch: [15][150/200]	Time 0.017s (0.039s)	Speed 1882.5 samples/s	Data 0.001s (0.021s)	Loss 0.01468 (0.01196)
2022-11-22 01:42:46,093 Epoch: [15][160/200]	Time 0.017s (0.038s)	Speed 1882.4 samples/s	Data 0.000s (0.019s)	Loss 0.01023 (0.01186)
2022-11-22 01:42:46,260 Epoch: [15][170/200]	Time 0.016s (0.036s)	Speed 2000.0 samples/s	Data 0.000s (0.018s)	Loss 0.01362 (0.01181)
2022-11-22 01:42:46,427 Epoch: [15][180/200]	Time 0.017s (0.035s)	Speed 1882.4 samples/s	Data 0.000s (0.017s)	Loss 0.01229 (0.01172)
2022-11-22 01:42:46,597 Epoch: [15][190/200]	Time 0.017s (0.034s)	Speed 1882.5 samples/s	Data 0.000s (0.016s)	Loss 0.01019 (0.01165)
2022-11-22 01:42:48,684 Test: [0/200]	Time 1.656 (1.656)	Loss 0.0491 (0.0491)
2022-11-22 01:42:48,767 Test: [10/200]	Time 0.008 (0.158)	Loss 0.0066 (0.0541)
2022-11-22 01:42:48,855 Test: [20/200]	Time 0.008 (0.087)	Loss 0.0317 (0.0551)
2022-11-22 01:42:48,937 Test: [30/200]	Time 0.009 (0.062)	Loss 0.0697 (0.0586)
2022-11-22 01:42:49,018 Test: [40/200]	Time 0.007 (0.049)	Loss 0.0803 (0.0622)
2022-11-22 01:42:49,097 Test: [50/200]	Time 0.008 (0.041)	Loss 0.0662 (0.0608)
2022-11-22 01:42:49,178 Test: [60/200]	Time 0.007 (0.035)	Loss 0.1037 (0.0650)
2022-11-22 01:42:49,258 Test: [70/200]	Time 0.008 (0.031)	Loss 0.0501 (0.0648)
2022-11-22 01:42:49,337 Test: [80/200]	Time 0.007 (0.029)	Loss 0.0643 (0.0632)
2022-11-22 01:42:49,418 Test: [90/200]	Time 0.007 (0.026)	Loss 0.1170 (0.0648)
2022-11-22 01:42:49,495 Test: [100/200]	Time 0.007 (0.024)	Loss 0.1043 (0.0646)
2022-11-22 01:42:49,572 Test: [110/200]	Time 0.007 (0.023)	Loss 0.1693 (0.0657)
2022-11-22 01:42:49,651 Test: [120/200]	Time 0.009 (0.022)	Loss 0.0869 (0.0642)
2022-11-22 01:42:49,726 Test: [130/200]	Time 0.007 (0.021)	Loss 0.0758 (0.0648)
2022-11-22 01:42:49,804 Test: [140/200]	Time 0.006 (0.020)	Loss 0.0687 (0.0643)
2022-11-22 01:42:49,880 Test: [150/200]	Time 0.007 (0.019)	Loss 0.1001 (0.0636)
2022-11-22 01:42:49,958 Test: [160/200]	Time 0.008 (0.018)	Loss 0.0417 (0.0630)
2022-11-22 01:42:50,035 Test: [170/200]	Time 0.007 (0.018)	Loss 0.0513 (0.0623)
2022-11-22 01:42:50,114 Test: [180/200]	Time 0.008 (0.017)	Loss 0.0425 (0.0619)
2022-11-22 01:42:50,194 Test: [190/200]	Time 0.007 (0.017)	Loss 0.0327 (0.0616)
2022-11-22 01:42:51,083 Mean IoU score: 0.842
2022-11-22 01:42:51,088 => saving checkpoint to out
2022-11-22 01:42:53,529 Epoch: [16][0/200]	Time 2.414s (2.414s)	Speed 13.3 samples/s	Data 2.261s (2.261s)	Loss 0.00884 (0.00884)
2022-11-22 01:42:54,702 Epoch: [16][10/200]	Time 0.018s (0.326s)	Speed 1777.8 samples/s	Data 0.000s (0.286s)	Loss 0.00896 (0.00943)
2022-11-22 01:42:54,883 Epoch: [16][20/200]	Time 0.016s (0.179s)	Speed 2000.1 samples/s	Data 0.000s (0.150s)	Loss 0.01029 (0.00898)
2022-11-22 01:42:55,047 Epoch: [16][30/200]	Time 0.016s (0.127s)	Speed 2000.0 samples/s	Data 0.000s (0.102s)	Loss 0.00974 (0.00883)
2022-11-22 01:42:55,211 Epoch: [16][40/200]	Time 0.016s (0.100s)	Speed 2000.0 samples/s	Data 0.000s (0.077s)	Loss 0.00850 (0.00877)
2022-11-22 01:42:55,377 Epoch: [16][50/200]	Time 0.016s (0.084s)	Speed 1999.9 samples/s	Data 0.000s (0.062s)	Loss 0.00954 (0.00879)
2022-11-22 01:42:55,543 Epoch: [16][60/200]	Time 0.017s (0.073s)	Speed 1882.1 samples/s	Data 0.001s (0.052s)	Loss 0.01041 (0.00872)
2022-11-22 01:42:55,709 Epoch: [16][70/200]	Time 0.016s (0.065s)	Speed 2000.0 samples/s	Data 0.000s (0.044s)	Loss 0.00786 (0.00863)
2022-11-22 01:42:55,875 Epoch: [16][80/200]	Time 0.016s (0.059s)	Speed 2000.3 samples/s	Data 0.000s (0.039s)	Loss 0.00852 (0.00860)
2022-11-22 01:42:56,041 Epoch: [16][90/200]	Time 0.016s (0.054s)	Speed 2000.2 samples/s	Data 0.000s (0.035s)	Loss 0.00844 (0.00854)
2022-11-22 01:42:56,208 Epoch: [16][100/200]	Time 0.017s (0.050s)	Speed 1882.4 samples/s	Data 0.000s (0.031s)	Loss 0.00952 (0.00857)
2022-11-22 01:42:56,374 Epoch: [16][110/200]	Time 0.017s (0.047s)	Speed 1882.4 samples/s	Data 0.000s (0.029s)	Loss 0.00930 (0.00855)
2022-11-22 01:42:56,539 Epoch: [16][120/200]	Time 0.017s (0.045s)	Speed 1882.3 samples/s	Data 0.000s (0.026s)	Loss 0.00666 (0.00854)
2022-11-22 01:42:56,707 Epoch: [16][130/200]	Time 0.017s (0.043s)	Speed 1882.3 samples/s	Data 0.001s (0.024s)	Loss 0.00795 (0.00853)
2022-11-22 01:42:56,874 Epoch: [16][140/200]	Time 0.017s (0.041s)	Speed 1882.6 samples/s	Data 0.000s (0.023s)	Loss 0.00767 (0.00851)
2022-11-22 01:42:57,041 Epoch: [16][150/200]	Time 0.018s (0.039s)	Speed 1777.6 samples/s	Data 0.000s (0.021s)	Loss 0.00820 (0.00844)
2022-11-22 01:42:57,206 Epoch: [16][160/200]	Time 0.016s (0.038s)	Speed 2000.1 samples/s	Data 0.000s (0.020s)	Loss 0.00764 (0.00845)
2022-11-22 01:42:57,372 Epoch: [16][170/200]	Time 0.017s (0.037s)	Speed 1882.4 samples/s	Data 0.001s (0.019s)	Loss 0.00719 (0.00842)
2022-11-22 01:42:57,538 Epoch: [16][180/200]	Time 0.017s (0.035s)	Speed 1882.2 samples/s	Data 0.000s (0.018s)	Loss 0.00834 (0.00840)
2022-11-22 01:42:57,705 Epoch: [16][190/200]	Time 0.017s (0.035s)	Speed 1882.4 samples/s	Data 0.000s (0.017s)	Loss 0.00879 (0.00840)
2022-11-22 01:42:59,781 Test: [0/200]	Time 1.657 (1.657)	Loss 0.0435 (0.0435)
2022-11-22 01:42:59,858 Test: [10/200]	Time 0.008 (0.158)	Loss 0.0066 (0.0441)
2022-11-22 01:42:59,932 Test: [20/200]	Time 0.007 (0.086)	Loss 0.0248 (0.0489)
2022-11-22 01:43:00,010 Test: [30/200]	Time 0.007 (0.061)	Loss 0.0542 (0.0512)
2022-11-22 01:43:00,086 Test: [40/200]	Time 0.007 (0.048)	Loss 0.0415 (0.0537)
2022-11-22 01:43:00,161 Test: [50/200]	Time 0.007 (0.040)	Loss 0.0674 (0.0530)
2022-11-22 01:43:00,237 Test: [60/200]	Time 0.009 (0.035)	Loss 0.0767 (0.0551)
2022-11-22 01:43:00,312 Test: [70/200]	Time 0.007 (0.031)	Loss 0.0377 (0.0548)
2022-11-22 01:43:00,388 Test: [80/200]	Time 0.007 (0.028)	Loss 0.0585 (0.0534)
2022-11-22 01:43:00,464 Test: [90/200]	Time 0.007 (0.026)	Loss 0.0815 (0.0555)
2022-11-22 01:43:00,538 Test: [100/200]	Time 0.007 (0.024)	Loss 0.0640 (0.0549)
2022-11-22 01:43:00,612 Test: [110/200]	Time 0.007 (0.022)	Loss 0.1630 (0.0555)
2022-11-22 01:43:00,689 Test: [120/200]	Time 0.007 (0.021)	Loss 0.0596 (0.0540)
2022-11-22 01:43:00,769 Test: [130/200]	Time 0.008 (0.020)	Loss 0.0830 (0.0548)
2022-11-22 01:43:00,846 Test: [140/200]	Time 0.007 (0.019)	Loss 0.0508 (0.0540)
2022-11-22 01:43:00,925 Test: [150/200]	Time 0.007 (0.019)	Loss 0.0784 (0.0536)
2022-11-22 01:43:01,000 Test: [160/200]	Time 0.007 (0.018)	Loss 0.0424 (0.0535)
2022-11-22 01:43:01,075 Test: [170/200]	Time 0.007 (0.017)	Loss 0.0712 (0.0535)
2022-11-22 01:43:01,150 Test: [180/200]	Time 0.007 (0.017)	Loss 0.0470 (0.0532)
2022-11-22 01:43:01,224 Test: [190/200]	Time 0.007 (0.016)	Loss 0.0207 (0.0528)
2022-11-22 01:43:02,094 Mean IoU score: 0.867
2022-11-22 01:43:02,099 => saving checkpoint to out
2022-11-22 01:43:04,637 Epoch: [17][0/200]	Time 2.501s (2.501s)	Speed 12.8 samples/s	Data 2.348s (2.348s)	Loss 0.00705 (0.00705)
2022-11-22 01:43:05,926 Epoch: [17][10/200]	Time 0.016s (0.345s)	Speed 1999.7 samples/s	Data 0.000s (0.277s)	Loss 0.00768 (0.00689)
2022-11-22 01:43:06,090 Epoch: [17][20/200]	Time 0.017s (0.188s)	Speed 1882.4 samples/s	Data 0.001s (0.145s)	Loss 0.00788 (0.00684)
2022-11-22 01:43:06,257 Epoch: [17][30/200]	Time 0.017s (0.133s)	Speed 1882.4 samples/s	Data 0.001s (0.098s)	Loss 0.00791 (0.00690)
2022-11-22 01:43:06,425 Epoch: [17][40/200]	Time 0.016s (0.105s)	Speed 2000.2 samples/s	Data 0.000s (0.075s)	Loss 0.00516 (0.00689)
2022-11-22 01:43:06,592 Epoch: [17][50/200]	Time 0.017s (0.087s)	Speed 1882.4 samples/s	Data 0.001s (0.060s)	Loss 0.00770 (0.00694)
2022-11-22 01:43:06,760 Epoch: [17][60/200]	Time 0.017s (0.076s)	Speed 1882.5 samples/s	Data 0.000s (0.050s)	Loss 0.00729 (0.00686)
2022-11-22 01:43:06,926 Epoch: [17][70/200]	Time 0.017s (0.067s)	Speed 1882.4 samples/s	Data 0.001s (0.043s)	Loss 0.00561 (0.00690)
2022-11-22 01:43:07,094 Epoch: [17][80/200]	Time 0.017s (0.061s)	Speed 1882.3 samples/s	Data 0.000s (0.038s)	Loss 0.00827 (0.00690)
2022-11-22 01:43:07,264 Epoch: [17][90/200]	Time 0.017s (0.056s)	Speed 1882.0 samples/s	Data 0.001s (0.034s)	Loss 0.00702 (0.00691)
2022-11-22 01:43:07,432 Epoch: [17][100/200]	Time 0.017s (0.052s)	Speed 1882.4 samples/s	Data 0.000s (0.030s)	Loss 0.00870 (0.00695)
2022-11-22 01:43:07,601 Epoch: [17][110/200]	Time 0.018s (0.049s)	Speed 1777.8 samples/s	Data 0.000s (0.028s)	Loss 0.00727 (0.00702)
2022-11-22 01:43:07,767 Epoch: [17][120/200]	Time 0.016s (0.047s)	Speed 2000.1 samples/s	Data 0.000s (0.025s)	Loss 0.00643 (0.00702)
2022-11-22 01:43:07,933 Epoch: [17][130/200]	Time 0.017s (0.044s)	Speed 1882.3 samples/s	Data 0.000s (0.024s)	Loss 0.00652 (0.00701)
2022-11-22 01:43:08,099 Epoch: [17][140/200]	Time 0.016s (0.042s)	Speed 2000.1 samples/s	Data 0.000s (0.022s)	Loss 0.00545 (0.00701)
2022-11-22 01:43:08,265 Epoch: [17][150/200]	Time 0.017s (0.041s)	Speed 1882.4 samples/s	Data 0.001s (0.020s)	Loss 0.00709 (0.00700)
2022-11-22 01:43:08,432 Epoch: [17][160/200]	Time 0.016s (0.039s)	Speed 2000.1 samples/s	Data 0.000s (0.019s)	Loss 0.00612 (0.00699)
2022-11-22 01:43:08,600 Epoch: [17][170/200]	Time 0.016s (0.038s)	Speed 2000.0 samples/s	Data 0.000s (0.018s)	Loss 0.00650 (0.00698)
2022-11-22 01:43:08,765 Epoch: [17][180/200]	Time 0.016s (0.037s)	Speed 2000.0 samples/s	Data 0.000s (0.017s)	Loss 0.00646 (0.00697)
2022-11-22 01:43:08,932 Epoch: [17][190/200]	Time 0.017s (0.036s)	Speed 1882.4 samples/s	Data 0.001s (0.016s)	Loss 0.00712 (0.00696)
2022-11-22 01:43:11,042 Test: [0/200]	Time 1.693 (1.693)	Loss 0.0389 (0.0389)
2022-11-22 01:43:11,118 Test: [10/200]	Time 0.008 (0.161)	Loss 0.0057 (0.0439)
2022-11-22 01:43:11,192 Test: [20/200]	Time 0.007 (0.088)	Loss 0.0261 (0.0449)
2022-11-22 01:43:11,267 Test: [30/200]	Time 0.009 (0.062)	Loss 0.0550 (0.0484)
2022-11-22 01:43:11,345 Test: [40/200]	Time 0.007 (0.049)	Loss 0.0392 (0.0518)
2022-11-22 01:43:11,424 Test: [50/200]	Time 0.007 (0.041)	Loss 0.0668 (0.0506)
2022-11-22 01:43:11,502 Test: [60/200]	Time 0.007 (0.035)	Loss 0.0771 (0.0524)
2022-11-22 01:43:11,579 Test: [70/200]	Time 0.007 (0.031)	Loss 0.0390 (0.0526)
2022-11-22 01:43:11,655 Test: [80/200]	Time 0.007 (0.028)	Loss 0.0511 (0.0514)
2022-11-22 01:43:11,733 Test: [90/200]	Time 0.008 (0.026)	Loss 0.0733 (0.0530)
2022-11-22 01:43:11,808 Test: [100/200]	Time 0.007 (0.024)	Loss 0.0646 (0.0527)
2022-11-22 01:43:11,888 Test: [110/200]	Time 0.007 (0.023)	Loss 0.1710 (0.0536)
2022-11-22 01:43:11,966 Test: [120/200]	Time 0.007 (0.022)	Loss 0.0591 (0.0521)
2022-11-22 01:43:12,044 Test: [130/200]	Time 0.007 (0.021)	Loss 0.0713 (0.0528)
2022-11-22 01:43:12,125 Test: [140/200]	Time 0.008 (0.020)	Loss 0.0570 (0.0520)
2022-11-22 01:43:12,201 Test: [150/200]	Time 0.007 (0.019)	Loss 0.0524 (0.0515)
2022-11-22 01:43:12,279 Test: [160/200]	Time 0.007 (0.018)	Loss 0.0412 (0.0514)
2022-11-22 01:43:12,356 Test: [170/200]	Time 0.008 (0.018)	Loss 0.0832 (0.0515)
2022-11-22 01:43:12,434 Test: [180/200]	Time 0.009 (0.017)	Loss 0.0505 (0.0513)
2022-11-22 01:43:12,510 Test: [190/200]	Time 0.008 (0.017)	Loss 0.0208 (0.0510)
2022-11-22 01:43:13,400 Mean IoU score: 0.872
2022-11-22 01:43:13,405 => saving checkpoint to out
2022-11-22 01:43:15,932 Epoch: [18][0/200]	Time 2.491s (2.491s)	Speed 12.8 samples/s	Data 2.320s (2.320s)	Loss 0.00502 (0.00502)
2022-11-22 01:43:17,018 Epoch: [18][10/200]	Time 0.019s (0.325s)	Speed 1684.2 samples/s	Data 0.000s (0.285s)	Loss 0.00664 (0.00598)
2022-11-22 01:43:17,184 Epoch: [18][20/200]	Time 0.017s (0.178s)	Speed 1882.5 samples/s	Data 0.001s (0.150s)	Loss 0.00631 (0.00624)
2022-11-22 01:43:17,350 Epoch: [18][30/200]	Time 0.017s (0.126s)	Speed 1882.4 samples/s	Data 0.001s (0.101s)	Loss 0.00579 (0.00620)
2022-11-22 01:43:17,517 Epoch: [18][40/200]	Time 0.017s (0.099s)	Speed 1882.5 samples/s	Data 0.000s (0.077s)	Loss 0.00772 (0.00604)
2022-11-22 01:43:17,684 Epoch: [18][50/200]	Time 0.017s (0.083s)	Speed 1882.4 samples/s	Data 0.000s (0.062s)	Loss 0.00688 (0.00614)
2022-11-22 01:43:17,850 Epoch: [18][60/200]	Time 0.017s (0.072s)	Speed 1882.8 samples/s	Data 0.001s (0.052s)	Loss 0.00578 (0.00615)
2022-11-22 01:43:18,016 Epoch: [18][70/200]	Time 0.016s (0.064s)	Speed 2000.0 samples/s	Data 0.000s (0.044s)	Loss 0.00576 (0.00617)
2022-11-22 01:43:18,184 Epoch: [18][80/200]	Time 0.017s (0.059s)	Speed 1882.3 samples/s	Data 0.000s (0.039s)	Loss 0.00667 (0.00618)
2022-11-22 01:43:18,353 Epoch: [18][90/200]	Time 0.016s (0.054s)	Speed 1999.7 samples/s	Data 0.000s (0.035s)	Loss 0.00641 (0.00619)
2022-11-22 01:43:18,521 Epoch: [18][100/200]	Time 0.017s (0.050s)	Speed 1882.4 samples/s	Data 0.000s (0.031s)	Loss 0.00661 (0.00622)
2022-11-22 01:43:18,690 Epoch: [18][110/200]	Time 0.017s (0.047s)	Speed 1882.5 samples/s	Data 0.000s (0.029s)	Loss 0.00607 (0.00619)
2022-11-22 01:43:18,856 Epoch: [18][120/200]	Time 0.016s (0.045s)	Speed 2000.0 samples/s	Data 0.000s (0.026s)	Loss 0.00896 (0.00617)
2022-11-22 01:43:19,023 Epoch: [18][130/200]	Time 0.017s (0.043s)	Speed 1882.6 samples/s	Data 0.000s (0.024s)	Loss 0.00603 (0.00615)
2022-11-22 01:43:19,190 Epoch: [18][140/200]	Time 0.017s (0.041s)	Speed 1882.3 samples/s	Data 0.000s (0.022s)	Loss 0.00546 (0.00619)
2022-11-22 01:43:19,357 Epoch: [18][150/200]	Time 0.017s (0.039s)	Speed 1882.4 samples/s	Data 0.000s (0.021s)	Loss 0.00590 (0.00620)
2022-11-22 01:43:19,523 Epoch: [18][160/200]	Time 0.017s (0.038s)	Speed 1882.3 samples/s	Data 0.001s (0.020s)	Loss 0.00740 (0.00620)
2022-11-22 01:43:19,691 Epoch: [18][170/200]	Time 0.017s (0.037s)	Speed 1882.5 samples/s	Data 0.001s (0.019s)	Loss 0.00628 (0.00620)
2022-11-22 01:43:19,856 Epoch: [18][180/200]	Time 0.017s (0.035s)	Speed 1880.7 samples/s	Data 0.001s (0.018s)	Loss 0.00555 (0.00619)
2022-11-22 01:43:20,023 Epoch: [18][190/200]	Time 0.016s (0.034s)	Speed 2000.0 samples/s	Data 0.000s (0.017s)	Loss 0.00667 (0.00618)
2022-11-22 01:43:22,098 Test: [0/200]	Time 1.703 (1.703)	Loss 0.0432 (0.0432)
2022-11-22 01:43:22,181 Test: [10/200]	Time 0.008 (0.162)	Loss 0.0074 (0.0424)
2022-11-22 01:43:22,265 Test: [20/200]	Time 0.008 (0.089)	Loss 0.0307 (0.0458)
2022-11-22 01:43:22,349 Test: [30/200]	Time 0.009 (0.063)	Loss 0.0529 (0.0489)
2022-11-22 01:43:22,432 Test: [40/200]	Time 0.009 (0.050)	Loss 0.0409 (0.0522)
2022-11-22 01:43:22,509 Test: [50/200]	Time 0.007 (0.041)	Loss 0.0826 (0.0510)
2022-11-22 01:43:22,590 Test: [60/200]	Time 0.007 (0.036)	Loss 0.0800 (0.0528)
2022-11-22 01:43:22,669 Test: [70/200]	Time 0.007 (0.032)	Loss 0.0355 (0.0531)
2022-11-22 01:43:22,749 Test: [80/200]	Time 0.009 (0.029)	Loss 0.0546 (0.0517)
2022-11-22 01:43:22,832 Test: [90/200]	Time 0.009 (0.027)	Loss 0.0692 (0.0532)
2022-11-22 01:43:22,911 Test: [100/200]	Time 0.007 (0.025)	Loss 0.0636 (0.0529)
2022-11-22 01:43:22,990 Test: [110/200]	Time 0.008 (0.023)	Loss 0.1761 (0.0538)
2022-11-22 01:43:23,066 Test: [120/200]	Time 0.007 (0.022)	Loss 0.0535 (0.0523)
2022-11-22 01:43:23,142 Test: [130/200]	Time 0.006 (0.021)	Loss 0.0668 (0.0529)
2022-11-22 01:43:23,217 Test: [140/200]	Time 0.007 (0.020)	Loss 0.0657 (0.0523)
2022-11-22 01:43:23,299 Test: [150/200]	Time 0.009 (0.019)	Loss 0.0681 (0.0519)
2022-11-22 01:43:23,379 Test: [160/200]	Time 0.008 (0.019)	Loss 0.0381 (0.0518)
2022-11-22 01:43:23,460 Test: [170/200]	Time 0.007 (0.018)	Loss 0.0695 (0.0518)
2022-11-22 01:43:23,540 Test: [180/200]	Time 0.008 (0.017)	Loss 0.0453 (0.0517)
2022-11-22 01:43:23,621 Test: [190/200]	Time 0.008 (0.017)	Loss 0.0197 (0.0513)
2022-11-22 01:43:24,483 Mean IoU score: 0.875
2022-11-22 01:43:24,489 => saving checkpoint to out
2022-11-22 01:43:27,025 Epoch: [19][0/200]	Time 2.498s (2.498s)	Speed 12.8 samples/s	Data 2.348s (2.348s)	Loss 0.00457 (0.00457)
2022-11-22 01:43:28,338 Epoch: [19][10/200]	Time 0.017s (0.346s)	Speed 1882.3 samples/s	Data 0.001s (0.283s)	Loss 0.00598 (0.00572)
2022-11-22 01:43:28,502 Epoch: [19][20/200]	Time 0.016s (0.189s)	Speed 2000.1 samples/s	Data 0.000s (0.148s)	Loss 0.00586 (0.00566)
2022-11-22 01:43:28,668 Epoch: [19][30/200]	Time 0.017s (0.134s)	Speed 1882.4 samples/s	Data 0.000s (0.101s)	Loss 0.00661 (0.00566)
2022-11-22 01:43:28,834 Epoch: [19][40/200]	Time 0.017s (0.105s)	Speed 1882.3 samples/s	Data 0.000s (0.076s)	Loss 0.00541 (0.00571)
2022-11-22 01:43:29,001 Epoch: [19][50/200]	Time 0.016s (0.088s)	Speed 2000.4 samples/s	Data 0.000s (0.061s)	Loss 0.00571 (0.00575)
2022-11-22 01:43:29,166 Epoch: [19][60/200]	Time 0.017s (0.076s)	Speed 1882.3 samples/s	Data 0.001s (0.051s)	Loss 0.00645 (0.00575)
2022-11-22 01:43:29,332 Epoch: [19][70/200]	Time 0.017s (0.068s)	Speed 1882.3 samples/s	Data 0.000s (0.044s)	Loss 0.00565 (0.00567)
2022-11-22 01:43:29,496 Epoch: [19][80/200]	Time 0.016s (0.061s)	Speed 2000.1 samples/s	Data 0.000s (0.039s)	Loss 0.00760 (0.00569)
2022-11-22 01:43:29,662 Epoch: [19][90/200]	Time 0.016s (0.056s)	Speed 2000.0 samples/s	Data 0.000s (0.034s)	Loss 0.00591 (0.00562)
2022-11-22 01:43:29,828 Epoch: [19][100/200]	Time 0.016s (0.052s)	Speed 2000.0 samples/s	Data 0.000s (0.031s)	Loss 0.00693 (0.00565)
2022-11-22 01:43:29,995 Epoch: [19][110/200]	Time 0.017s (0.049s)	Speed 1882.3 samples/s	Data 0.001s (0.028s)	Loss 0.00553 (0.00565)
2022-11-22 01:43:30,163 Epoch: [19][120/200]	Time 0.018s (0.047s)	Speed 1777.9 samples/s	Data 0.000s (0.026s)	Loss 0.00587 (0.00564)
2022-11-22 01:43:30,332 Epoch: [19][130/200]	Time 0.016s (0.044s)	Speed 1999.5 samples/s	Data 0.000s (0.024s)	Loss 0.00820 (0.00569)
2022-11-22 01:43:30,501 Epoch: [19][140/200]	Time 0.017s (0.042s)	Speed 1882.4 samples/s	Data 0.000s (0.022s)	Loss 0.00644 (0.00572)
2022-11-22 01:43:30,670 Epoch: [19][150/200]	Time 0.016s (0.041s)	Speed 1999.9 samples/s	Data 0.000s (0.021s)	Loss 0.00542 (0.00574)
2022-11-22 01:43:30,838 Epoch: [19][160/200]	Time 0.017s (0.039s)	Speed 1882.4 samples/s	Data 0.001s (0.020s)	Loss 0.00592 (0.00573)
2022-11-22 01:43:31,007 Epoch: [19][170/200]	Time 0.017s (0.038s)	Speed 1882.3 samples/s	Data 0.001s (0.018s)	Loss 0.00646 (0.00575)
2022-11-22 01:43:31,173 Epoch: [19][180/200]	Time 0.017s (0.037s)	Speed 1882.5 samples/s	Data 0.001s (0.017s)	Loss 0.00639 (0.00576)
2022-11-22 01:43:31,340 Epoch: [19][190/200]	Time 0.017s (0.036s)	Speed 1882.4 samples/s	Data 0.000s (0.017s)	Loss 0.00530 (0.00574)
2022-11-22 01:43:33,412 Test: [0/200]	Time 1.716 (1.716)	Loss 0.0406 (0.0406)
2022-11-22 01:43:33,489 Test: [10/200]	Time 0.007 (0.163)	Loss 0.0102 (0.0430)
2022-11-22 01:43:33,566 Test: [20/200]	Time 0.007 (0.089)	Loss 0.0306 (0.0442)
2022-11-22 01:43:33,640 Test: [30/200]	Time 0.007 (0.063)	Loss 0.0531 (0.0474)
2022-11-22 01:43:33,715 Test: [40/200]	Time 0.008 (0.049)	Loss 0.0485 (0.0515)
2022-11-22 01:43:33,790 Test: [50/200]	Time 0.008 (0.041)	Loss 0.0688 (0.0501)
2022-11-22 01:43:33,871 Test: [60/200]	Time 0.007 (0.036)	Loss 0.0827 (0.0515)
2022-11-22 01:43:33,946 Test: [70/200]	Time 0.007 (0.032)	Loss 0.0356 (0.0518)
2022-11-22 01:43:34,022 Test: [80/200]	Time 0.007 (0.029)	Loss 0.0554 (0.0508)
2022-11-22 01:43:34,097 Test: [90/200]	Time 0.009 (0.026)	Loss 0.0724 (0.0527)
2022-11-22 01:43:34,177 Test: [100/200]	Time 0.007 (0.025)	Loss 0.0593 (0.0523)
2022-11-22 01:43:34,253 Test: [110/200]	Time 0.007 (0.023)	Loss 0.1892 (0.0536)
2022-11-22 01:43:34,332 Test: [120/200]	Time 0.009 (0.022)	Loss 0.0622 (0.0522)
2022-11-22 01:43:34,408 Test: [130/200]	Time 0.007 (0.021)	Loss 0.0622 (0.0527)
2022-11-22 01:43:34,487 Test: [140/200]	Time 0.007 (0.020)	Loss 0.0629 (0.0520)
2022-11-22 01:43:34,572 Test: [150/200]	Time 0.007 (0.019)	Loss 0.0620 (0.0515)
2022-11-22 01:43:34,652 Test: [160/200]	Time 0.008 (0.018)	Loss 0.0437 (0.0514)
2022-11-22 01:43:34,731 Test: [170/200]	Time 0.008 (0.018)	Loss 0.0796 (0.0518)
2022-11-22 01:43:34,814 Test: [180/200]	Time 0.008 (0.017)	Loss 0.0484 (0.0517)
2022-11-22 01:43:34,893 Test: [190/200]	Time 0.007 (0.017)	Loss 0.0198 (0.0513)
2022-11-22 01:43:35,759 Mean IoU score: 0.876
2022-11-22 01:43:35,764 => saving checkpoint to out
2022-11-22 01:43:35,801 saving final model state to out\final_state.pth.tar
